[000001] 1 [     1 - request] map["url":"https://weibo.cn/1334197803/fans?page=1"] (1.691679ms)
[000002] 1 [     2 - request] map["url":"https://weibo.cn/2932185514/fans?page=1"] (1.719143ms)
[000003] 1 [     1 - response] map["status":"OK" "url":"https://weibo.cn/1334197803/fans?page=1"] (3.67139034s)
[000004] 1 [     3 - request] map["url":"https://weibo.cn/1334197803/fans?page=2"] (3.671743143s)
[000005] 1 [     4 - request] map["url":"https://weibo.cn/1334197803/fans?page=3"] (3.671771535s)
[000006] 1 [     5 - request] map["url":"https://weibo.cn/1334197803/fans?page=6"] (3.671777058s)
[000007] 1 [     6 - request] map["url":"https://weibo.cn/1334197803/fans?page=4"] (3.671821341s)
[000010] 1 [     9 - request] map["url":"https://weibo.cn/1334197803/fans?page=8"] (3.671878009s)
[000011] 1 [    10 - request] map["url":"https://weibo.cn/1334197803/fans?page=10"] (3.671949587s)
[000012] 1 [    11 - request] map["url":"https://weibo.cn/1334197803/fans?page=9"] (3.671995472s)
[000015] 1 [    14 - request] map["url":"https://weibo.cn/1334197803/fans?page=12"] (3.672068682s)
[000008] 1 [     7 - request] map["url":"https://weibo.cn/1334197803/fans?page=5"] (3.671841909s)
[000009] 1 [     8 - request] map["url":"https://weibo.cn/1334197803/fans?page=7"] (3.671859199s)
[000013] 1 [    12 - request] map["url":"https://weibo.cn/1334197803/fans?page=15"] (3.672030044s)
[000018] 1 [    17 - request] map["url":"https://weibo.cn/1334197803/fans?page=18"] (3.672145301s)
[000014] 1 [    13 - request] map["url":"https://weibo.cn/1334197803/fans?page=11"] (3.672051244s)
[000019] 1 [    18 - request] map["url":"https://weibo.cn/1334197803/fans?page=13"] (3.672191093s)
[000016] 1 [    15 - request] map["url":"https://weibo.cn/1334197803/fans?page=17"] (3.672103081s)
[000017] 1 [    16 - request] map["url":"https://weibo.cn/1334197803/fans?page=16"] (3.672125431s)
[000020] 1 [    19 - request] map["url":"https://weibo.cn/1334197803/fans?page=19"] (3.672237415s)
[000021] 1 [    20 - request] map["url":"https://weibo.cn/1334197803/fans?page=14"] (3.672308256s)
[000022] 1 [    21 - request] map["url":"https://weibo.cn/1334197803/fans?page=20"] (3.672357056s)
[000023] 1 [     1 - xml] map["selector":"//a[text()=\"关注他\" or text()=\"关注她\" or text()=\"移除\"]/@href" "url":"https://weibo.cn/1334197803/fans?page=1"] (3.673262554s)
[000024] 1 [     1 - xml] map["selector":"//a[text()=\"关注他\" or text()=\"关注她\" or text()=\"移除\"]/@href" "url":"https://weibo.cn/1334197803/fans?page=1"] (3.675298327s)
[000025] 1 [     1 - xml] map["selector":"//a[text()=\"关注他\" or text()=\"关注她\" or text()=\"移除\"]/@href" "url":"https://weibo.cn/1334197803/fans?page=1"] (3.676284064s)
[000026] 1 [     1 - xml] map["selector":"//a[text()=\"关注他\" or text()=\"关注她\" or text()=\"移除\"]/@href" "url":"https://weibo.cn/1334197803/fans?page=1"] (3.677259585s)
[000027] 1 [     1 - xml] map["selector":"//a[text()=\"关注他\" or text()=\"关注她\" or text()=\"移除\"]/@href" "url":"https://weibo.cn/1334197803/fans?page=1"] (3.678090849s)
[000028] 1 [     1 - xml] map["selector":"//a[text()=\"关注他\" or text()=\"关注她\" or text()=\"移除\"]/@href" "url":"https://weibo.cn/1334197803/fans?page=1"] (3.678936557s)
[000029] 1 [     1 - xml] map["selector":"//a[text()=\"关注他\" or text()=\"关注她\" or text()=\"移除\"]/@href" "url":"https://weibo.cn/1334197803/fans?page=1"] (3.680229144s)
[000030] 1 [     1 - xml] map["selector":"//a[text()=\"关注他\" or text()=\"关注她\" or text()=\"移除\"]/@href" "url":"https://weibo.cn/1334197803/fans?page=1"] (3.681530676s)
[000031] 1 [     1 - xml] map["selector":"//a[text()=\"关注他\" or text()=\"关注她\" or text()=\"移除\"]/@href" "url":"https://weibo.cn/1334197803/fans?page=1"] (3.682551368s)
[000032] 1 [     1 - xml] map["selector":"//a[text()=\"关注他\" or text()=\"关注她\" or text()=\"移除\"]/@href" "url":"https://weibo.cn/1334197803/fans?page=1"] (3.683428235s)
[000033] 1 [     1 - scraped] map["url":"https://weibo.cn/1334197803/fans?page=1"] (3.684435476s)
[000034] 1 [     2 - response] map["status":"OK" "url":"https://weibo.cn/2932185514/fans?page=1"] (4.915495224s)
[000036] 1 [    24 - request] map["url":"https://weibo.cn/2932185514/fans?page=2"] (4.916228536s)
[000037] 1 [    25 - request] map["url":"https://weibo.cn/2932185514/fans?page=20"] (4.916229405s)
[000038] 1 [    26 - request] map["url":"https://weibo.cn/2932185514/fans?page=6"] (4.916236068s)
[000044] 1 [    32 - request] map["url":"https://weibo.cn/2932185514/fans?page=19"] (4.916487084s)
[000040] 1 [    29 - request] map["url":"https://weibo.cn/2932185514/fans?page=3"] (4.916284171s)
[000047] 1 [    34 - request] map["url":"https://weibo.cn/2932185514/fans?page=13"] (4.916578437s)
[000048] 1 [    35 - request] map["url":"https://weibo.cn/2932185514/fans?page=18"] (4.916608901s)
[000049] 1 [    36 - request] map["url":"https://weibo.cn/2932185514/fans?page=14"] (4.916622134s)
[000041] 1 [    30 - request] map["url":"https://weibo.cn/2932185514/fans?page=12"] (4.916296205s)
[000042] 1 [    31 - request] map["url":"https://weibo.cn/2932185514/fans?page=8"] (4.916311828s)
[000043] 1 [    23 - request] map["url":"https://weibo.cn/2932185514/fans?page=5"] (4.91631487s)
[000035] 1 [    22 - request] map["url":"https://weibo.cn/2932185514/fans?page=10"] (4.916210735s)
[000053] 1 [    40 - request] map["url":"https://weibo.cn/2932185514/fans?page=4"] (4.916714389s)
[000039] 1 [    28 - request] map["url":"https://weibo.cn/2932185514/fans?page=7"] (4.916280449s)
[000045] 1 [    27 - request] map["url":"https://weibo.cn/2932185514/fans?page=11"] (4.916541603s)
[000046] 1 [    33 - request] map["url":"https://weibo.cn/2932185514/fans?page=9"] (4.916558245s)
[000050] 1 [    37 - request] map["url":"https://weibo.cn/2932185514/fans?page=15"] (4.91664832s)
[000051] 1 [    38 - request] map["url":"https://weibo.cn/2932185514/fans?page=17"] (4.916670817s)
[000052] 1 [    39 - request] map["url":"https://weibo.cn/2932185514/fans?page=16"] (4.916692692s)
[000054] 1 [     2 - xml] map["selector":"//a[text()=\"关注他\" or text()=\"关注她\" or text()=\"移除\"]/@href" "url":"https://weibo.cn/2932185514/fans?page=1"] (4.917010411s)
[000055] 1 [     2 - xml] map["selector":"//a[text()=\"关注他\" or text()=\"关注她\" or text()=\"移除\"]/@href" "url":"https://weibo.cn/2932185514/fans?page=1"] (4.918808328s)
[000056] 1 [     2 - xml] map["selector":"//a[text()=\"关注他\" or text()=\"关注她\" or text()=\"移除\"]/@href" "url":"https://weibo.cn/2932185514/fans?page=1"] (4.919881341s)
[000057] 1 [     2 - xml] map["selector":"//a[text()=\"关注他\" or text()=\"关注她\" or text()=\"移除\"]/@href" "url":"https://weibo.cn/2932185514/fans?page=1"] (4.920859315s)
[000058] 1 [     2 - xml] map["selector":"//a[text()=\"关注他\" or text()=\"关注她\" or text()=\"移除\"]/@href" "url":"https://weibo.cn/2932185514/fans?page=1"] (4.921878869s)
[000059] 1 [     2 - xml] map["selector":"//a[text()=\"关注他\" or text()=\"关注她\" or text()=\"移除\"]/@href" "url":"https://weibo.cn/2932185514/fans?page=1"] (4.922764763s)
[000060] 1 [     2 - xml] map["selector":"//a[text()=\"关注他\" or text()=\"关注她\" or text()=\"移除\"]/@href" "url":"https://weibo.cn/2932185514/fans?page=1"] (4.923596336s)
[000061] 1 [     2 - xml] map["selector":"//a[text()=\"关注他\" or text()=\"关注她\" or text()=\"移除\"]/@href" "url":"https://weibo.cn/2932185514/fans?page=1"] (4.924275658s)
[000062] 1 [     2 - xml] map["selector":"//a[text()=\"关注他\" or text()=\"关注她\" or text()=\"移除\"]/@href" "url":"https://weibo.cn/2932185514/fans?page=1"] (4.925103156s)
[000063] 1 [     2 - xml] map["selector":"//a[text()=\"关注他\" or text()=\"关注她\" or text()=\"移除\"]/@href" "url":"https://weibo.cn/2932185514/fans?page=1"] (4.92587557s)
[000064] 1 [     2 - scraped] map["url":"https://weibo.cn/2932185514/fans?page=1"] (4.926614579s)
[000065] 1 [     3 - response] map["status":"OK" "url":"https://weibo.cn/1334197803/fans?page=2"] (7.325943501s)
[000066] 1 [     3 - xml] map["selector":"//a[text()=\"关注他\" or text()=\"关注她\" or text()=\"移除\"]/@href" "url":"https://weibo.cn/1334197803/fans?page=2"] (7.326822315s)
[000067] 1 [     3 - xml] map["selector":"//a[text()=\"关注他\" or text()=\"关注她\" or text()=\"移除\"]/@href" "url":"https://weibo.cn/1334197803/fans?page=2"] (7.329093315s)
[000068] 1 [     3 - xml] map["selector":"//a[text()=\"关注他\" or text()=\"关注她\" or text()=\"移除\"]/@href" "url":"https://weibo.cn/1334197803/fans?page=2"] (7.330164371s)
[000069] 1 [     3 - xml] map["selector":"//a[text()=\"关注他\" or text()=\"关注她\" or text()=\"移除\"]/@href" "url":"https://weibo.cn/1334197803/fans?page=2"] (7.331049162s)
[000070] 1 [     3 - xml] map["selector":"//a[text()=\"关注他\" or text()=\"关注她\" or text()=\"移除\"]/@href" "url":"https://weibo.cn/1334197803/fans?page=2"] (7.331954521s)
[000071] 1 [     3 - xml] map["selector":"//a[text()=\"关注他\" or text()=\"关注她\" or text()=\"移除\"]/@href" "url":"https://weibo.cn/1334197803/fans?page=2"] (7.332886763s)
[000072] 1 [     3 - xml] map["selector":"//a[text()=\"关注他\" or text()=\"关注她\" or text()=\"移除\"]/@href" "url":"https://weibo.cn/1334197803/fans?page=2"] (7.333690925s)
[000073] 1 [     3 - xml] map["selector":"//a[text()=\"关注他\" or text()=\"关注她\" or text()=\"移除\"]/@href" "url":"https://weibo.cn/1334197803/fans?page=2"] (7.334532219s)
[000074] 1 [     3 - xml] map["selector":"//a[text()=\"关注他\" or text()=\"关注她\" or text()=\"移除\"]/@href" "url":"https://weibo.cn/1334197803/fans?page=2"] (7.3354642s)
[000075] 1 [     3 - xml] map["selector":"//a[text()=\"关注他\" or text()=\"关注她\" or text()=\"移除\"]/@href" "url":"https://weibo.cn/1334197803/fans?page=2"] (7.336839219s)
[000076] 1 [     3 - scraped] map["url":"https://weibo.cn/1334197803/fans?page=2"] (7.338168949s)
[000077] 1 [     4 - response] map["status":"OK" "url":"https://weibo.cn/1334197803/fans?page=3"] (8.747188006s)
[000078] 1 [     4 - xml] map["selector":"//a[text()=\"关注他\" or text()=\"关注她\" or text()=\"移除\"]/@href" "url":"https://weibo.cn/1334197803/fans?page=3"] (8.747947853s)
[000079] 1 [     4 - xml] map["selector":"//a[text()=\"关注他\" or text()=\"关注她\" or text()=\"移除\"]/@href" "url":"https://weibo.cn/1334197803/fans?page=3"] (8.749488964s)
[000080] 1 [     4 - xml] map["selector":"//a[text()=\"关注他\" or text()=\"关注她\" or text()=\"移除\"]/@href" "url":"https://weibo.cn/1334197803/fans?page=3"] (8.750376014s)
[000081] 1 [     4 - xml] map["selector":"//a[text()=\"关注他\" or text()=\"关注她\" or text()=\"移除\"]/@href" "url":"https://weibo.cn/1334197803/fans?page=3"] (8.751226902s)
[000082] 1 [     4 - xml] map["selector":"//a[text()=\"关注他\" or text()=\"关注她\" or text()=\"移除\"]/@href" "url":"https://weibo.cn/1334197803/fans?page=3"] (8.752369244s)
[000083] 1 [     4 - xml] map["selector":"//a[text()=\"关注他\" or text()=\"关注她\" or text()=\"移除\"]/@href" "url":"https://weibo.cn/1334197803/fans?page=3"] (8.75347751s)
[000084] 1 [     4 - xml] map["selector":"//a[text()=\"关注他\" or text()=\"关注她\" or text()=\"移除\"]/@href" "url":"https://weibo.cn/1334197803/fans?page=3"] (8.754315813s)
[000085] 1 [     4 - xml] map["selector":"//a[text()=\"关注他\" or text()=\"关注她\" or text()=\"移除\"]/@href" "url":"https://weibo.cn/1334197803/fans?page=3"] (8.755225345s)
[000086] 1 [     4 - xml] map["selector":"//a[text()=\"关注他\" or text()=\"关注她\" or text()=\"移除\"]/@href" "url":"https://weibo.cn/1334197803/fans?page=3"] (8.75613464s)
[000087] 1 [     4 - xml] map["selector":"//a[text()=\"关注他\" or text()=\"关注她\" or text()=\"移除\"]/@href" "url":"https://weibo.cn/1334197803/fans?page=3"] (8.756957506s)
[000088] 1 [     4 - scraped] map["url":"https://weibo.cn/1334197803/fans?page=3"] (8.757837542s)
[000089] 1 [     5 - response] map["status":"OK" "url":"https://weibo.cn/1334197803/fans?page=6"] (12.707583552s)
[000090] 1 [     5 - xml] map["selector":"//a[text()=\"关注他\" or text()=\"关注她\" or text()=\"移除\"]/@href" "url":"https://weibo.cn/1334197803/fans?page=6"] (12.708286161s)
[000091] 1 [     5 - xml] map["selector":"//a[text()=\"关注他\" or text()=\"关注她\" or text()=\"移除\"]/@href" "url":"https://weibo.cn/1334197803/fans?page=6"] (12.709861536s)
[000092] 1 [     5 - xml] map["selector":"//a[text()=\"关注他\" or text()=\"关注她\" or text()=\"移除\"]/@href" "url":"https://weibo.cn/1334197803/fans?page=6"] (12.710798914s)
[000093] 1 [     5 - xml] map["selector":"//a[text()=\"关注他\" or text()=\"关注她\" or text()=\"移除\"]/@href" "url":"https://weibo.cn/1334197803/fans?page=6"] (12.711973548s)
[000094] 1 [     5 - xml] map["selector":"//a[text()=\"关注他\" or text()=\"关注她\" or text()=\"移除\"]/@href" "url":"https://weibo.cn/1334197803/fans?page=6"] (12.713391873s)
[000095] 1 [     5 - xml] map["selector":"//a[text()=\"关注他\" or text()=\"关注她\" or text()=\"移除\"]/@href" "url":"https://weibo.cn/1334197803/fans?page=6"] (12.714887495s)
[000096] 1 [     5 - xml] map["selector":"//a[text()=\"关注他\" or text()=\"关注她\" or text()=\"移除\"]/@href" "url":"https://weibo.cn/1334197803/fans?page=6"] (12.71626292s)
[000097] 1 [     5 - xml] map["selector":"//a[text()=\"关注他\" or text()=\"关注她\" or text()=\"移除\"]/@href" "url":"https://weibo.cn/1334197803/fans?page=6"] (12.717890708s)
[000098] 1 [     5 - xml] map["selector":"//a[text()=\"关注他\" or text()=\"关注她\" or text()=\"移除\"]/@href" "url":"https://weibo.cn/1334197803/fans?page=6"] (12.719260194s)
[000099] 1 [     5 - xml] map["selector":"//a[text()=\"关注他\" or text()=\"关注她\" or text()=\"移除\"]/@href" "url":"https://weibo.cn/1334197803/fans?page=6"] (12.720700524s)
[000100] 1 [     5 - scraped] map["url":"https://weibo.cn/1334197803/fans?page=6"] (12.721777865s)
[000101] 1 [     9 - response] map["status":"OK" "url":"https://weibo.cn/1334197803/fans?page=8"] (13.974148695s)
[000102] 1 [     9 - xml] map["selector":"//a[text()=\"关注他\" or text()=\"关注她\" or text()=\"移除\"]/@href" "url":"https://weibo.cn/1334197803/fans?page=8"] (13.97502369s)
[000103] 1 [     9 - xml] map["selector":"//a[text()=\"关注他\" or text()=\"关注她\" or text()=\"移除\"]/@href" "url":"https://weibo.cn/1334197803/fans?page=8"] (13.977815636s)
[000104] 1 [     9 - xml] map["selector":"//a[text()=\"关注他\" or text()=\"关注她\" or text()=\"移除\"]/@href" "url":"https://weibo.cn/1334197803/fans?page=8"] (13.978947204s)
[000105] 1 [     9 - xml] map["selector":"//a[text()=\"关注他\" or text()=\"关注她\" or text()=\"移除\"]/@href" "url":"https://weibo.cn/1334197803/fans?page=8"] (13.980166481s)
[000106] 1 [     9 - xml] map["selector":"//a[text()=\"关注他\" or text()=\"关注她\" or text()=\"移除\"]/@href" "url":"https://weibo.cn/1334197803/fans?page=8"] (13.981472928s)
[000107] 1 [     9 - xml] map["selector":"//a[text()=\"关注他\" or text()=\"关注她\" or text()=\"移除\"]/@href" "url":"https://weibo.cn/1334197803/fans?page=8"] (13.982866718s)
[000108] 1 [     9 - xml] map["selector":"//a[text()=\"关注他\" or text()=\"关注她\" or text()=\"移除\"]/@href" "url":"https://weibo.cn/1334197803/fans?page=8"] (13.984425051s)
[000109] 1 [     9 - xml] map["selector":"//a[text()=\"关注他\" or text()=\"关注她\" or text()=\"移除\"]/@href" "url":"https://weibo.cn/1334197803/fans?page=8"] (13.985831347s)
[000110] 1 [     9 - xml] map["selector":"//a[text()=\"关注他\" or text()=\"关注她\" or text()=\"移除\"]/@href" "url":"https://weibo.cn/1334197803/fans?page=8"] (13.986669761s)
[000111] 1 [     9 - xml] map["selector":"//a[text()=\"关注他\" or text()=\"关注她\" or text()=\"移除\"]/@href" "url":"https://weibo.cn/1334197803/fans?page=8"] (13.987395984s)
[000112] 1 [     9 - scraped] map["url":"https://weibo.cn/1334197803/fans?page=8"] (13.988112629s)
[000113] 1 [    10 - response] map["status":"OK" "url":"https://weibo.cn/1334197803/fans?page=10"] (17.361052061s)
[000114] 1 [    10 - xml] map["selector":"//a[text()=\"关注他\" or text()=\"关注她\" or text()=\"移除\"]/@href" "url":"https://weibo.cn/1334197803/fans?page=10"] (17.361774755s)
[000115] 1 [    10 - xml] map["selector":"//a[text()=\"关注他\" or text()=\"关注她\" or text()=\"移除\"]/@href" "url":"https://weibo.cn/1334197803/fans?page=10"] (17.363524787s)
[000116] 1 [    10 - xml] map["selector":"//a[text()=\"关注他\" or text()=\"关注她\" or text()=\"移除\"]/@href" "url":"https://weibo.cn/1334197803/fans?page=10"] (17.364499487s)
[000117] 1 [    10 - xml] map["selector":"//a[text()=\"关注他\" or text()=\"关注她\" or text()=\"移除\"]/@href" "url":"https://weibo.cn/1334197803/fans?page=10"] (17.365312624s)
[000118] 1 [    10 - xml] map["selector":"//a[text()=\"关注他\" or text()=\"关注她\" or text()=\"移除\"]/@href" "url":"https://weibo.cn/1334197803/fans?page=10"] (17.366199293s)
[000119] 1 [    10 - xml] map["selector":"//a[text()=\"关注他\" or text()=\"关注她\" or text()=\"移除\"]/@href" "url":"https://weibo.cn/1334197803/fans?page=10"] (17.36693013s)
[000120] 1 [    10 - xml] map["selector":"//a[text()=\"关注他\" or text()=\"关注她\" or text()=\"移除\"]/@href" "url":"https://weibo.cn/1334197803/fans?page=10"] (17.367673732s)
[000121] 1 [    10 - xml] map["selector":"//a[text()=\"关注他\" or text()=\"关注她\" or text()=\"移除\"]/@href" "url":"https://weibo.cn/1334197803/fans?page=10"] (17.368486316s)
[000122] 1 [    10 - xml] map["selector":"//a[text()=\"关注他\" or text()=\"关注她\" or text()=\"移除\"]/@href" "url":"https://weibo.cn/1334197803/fans?page=10"] (17.36951819s)
[000123] 1 [    10 - scraped] map["url":"https://weibo.cn/1334197803/fans?page=10"] (17.371398116s)
[000124] 1 [     6 - response] map["status":"OK" "url":"https://weibo.cn/1334197803/fans?page=4"] (18.490033984s)
[000125] 1 [     6 - xml] map["selector":"//a[text()=\"关注他\" or text()=\"关注她\" or text()=\"移除\"]/@href" "url":"https://weibo.cn/1334197803/fans?page=4"] (18.491285482s)
[000126] 1 [     6 - xml] map["selector":"//a[text()=\"关注他\" or text()=\"关注她\" or text()=\"移除\"]/@href" "url":"https://weibo.cn/1334197803/fans?page=4"] (18.493167744s)
[000127] 1 [     6 - xml] map["selector":"//a[text()=\"关注他\" or text()=\"关注她\" or text()=\"移除\"]/@href" "url":"https://weibo.cn/1334197803/fans?page=4"] (18.494203361s)
[000128] 1 [     6 - xml] map["selector":"//a[text()=\"关注他\" or text()=\"关注她\" or text()=\"移除\"]/@href" "url":"https://weibo.cn/1334197803/fans?page=4"] (18.49507304s)
[000129] 1 [     6 - xml] map["selector":"//a[text()=\"关注他\" or text()=\"关注她\" or text()=\"移除\"]/@href" "url":"https://weibo.cn/1334197803/fans?page=4"] (18.496554956s)
[000130] 1 [     6 - xml] map["selector":"//a[text()=\"关注他\" or text()=\"关注她\" or text()=\"移除\"]/@href" "url":"https://weibo.cn/1334197803/fans?page=4"] (18.49773557s)
[000131] 1 [     6 - xml] map["selector":"//a[text()=\"关注他\" or text()=\"关注她\" or text()=\"移除\"]/@href" "url":"https://weibo.cn/1334197803/fans?page=4"] (18.498594273s)
[000132] 1 [     6 - xml] map["selector":"//a[text()=\"关注他\" or text()=\"关注她\" or text()=\"移除\"]/@href" "url":"https://weibo.cn/1334197803/fans?page=4"] (18.499479132s)
[000133] 1 [     6 - xml] map["selector":"//a[text()=\"关注他\" or text()=\"关注她\" or text()=\"移除\"]/@href" "url":"https://weibo.cn/1334197803/fans?page=4"] (18.500513869s)
[000134] 1 [     6 - xml] map["selector":"//a[text()=\"关注他\" or text()=\"关注她\" or text()=\"移除\"]/@href" "url":"https://weibo.cn/1334197803/fans?page=4"] (18.501337536s)
[000135] 1 [     6 - scraped] map["url":"https://weibo.cn/1334197803/fans?page=4"] (18.502271839s)
[000136] 1 [    11 - response] map["status":"OK" "url":"https://weibo.cn/1334197803/fans?page=9"] (21.156272072s)
[000137] 1 [    11 - xml] map["selector":"//a[text()=\"关注他\" or text()=\"关注她\" or text()=\"移除\"]/@href" "url":"https://weibo.cn/1334197803/fans?page=9"] (21.156896614s)
[000138] 1 [    11 - xml] map["selector":"//a[text()=\"关注他\" or text()=\"关注她\" or text()=\"移除\"]/@href" "url":"https://weibo.cn/1334197803/fans?page=9"] (21.158745037s)
[000139] 1 [    11 - xml] map["selector":"//a[text()=\"关注他\" or text()=\"关注她\" or text()=\"移除\"]/@href" "url":"https://weibo.cn/1334197803/fans?page=9"] (21.160021274s)
[000140] 1 [    11 - xml] map["selector":"//a[text()=\"关注他\" or text()=\"关注她\" or text()=\"移除\"]/@href" "url":"https://weibo.cn/1334197803/fans?page=9"] (21.161332528s)
[000141] 1 [    11 - xml] map["selector":"//a[text()=\"关注他\" or text()=\"关注她\" or text()=\"移除\"]/@href" "url":"https://weibo.cn/1334197803/fans?page=9"] (21.16231535s)
[000142] 1 [    11 - xml] map["selector":"//a[text()=\"关注他\" or text()=\"关注她\" or text()=\"移除\"]/@href" "url":"https://weibo.cn/1334197803/fans?page=9"] (21.163137352s)
[000143] 1 [    11 - xml] map["selector":"//a[text()=\"关注他\" or text()=\"关注她\" or text()=\"移除\"]/@href" "url":"https://weibo.cn/1334197803/fans?page=9"] (21.16399208s)
[000144] 1 [    11 - xml] map["selector":"//a[text()=\"关注他\" or text()=\"关注她\" or text()=\"移除\"]/@href" "url":"https://weibo.cn/1334197803/fans?page=9"] (21.164819811s)
[000145] 1 [    11 - xml] map["selector":"//a[text()=\"关注他\" or text()=\"关注她\" or text()=\"移除\"]/@href" "url":"https://weibo.cn/1334197803/fans?page=9"] (21.165667229s)
[000146] 1 [    11 - xml] map["selector":"//a[text()=\"关注他\" or text()=\"关注她\" or text()=\"移除\"]/@href" "url":"https://weibo.cn/1334197803/fans?page=9"] (21.166520744s)
[000147] 1 [    11 - scraped] map["url":"https://weibo.cn/1334197803/fans?page=9"] (21.167503939s)
[000148] 1 [    14 - response] map["status":"OK" "url":"https://weibo.cn/1334197803/fans?page=12"] (23.967415057s)
[000149] 1 [    14 - xml] map["selector":"//a[text()=\"关注他\" or text()=\"关注她\" or text()=\"移除\"]/@href" "url":"https://weibo.cn/1334197803/fans?page=12"] (23.96855159s)
[000150] 1 [    14 - xml] map["selector":"//a[text()=\"关注他\" or text()=\"关注她\" or text()=\"移除\"]/@href" "url":"https://weibo.cn/1334197803/fans?page=12"] (23.971614547s)
[000151] 1 [    14 - xml] map["selector":"//a[text()=\"关注他\" or text()=\"关注她\" or text()=\"移除\"]/@href" "url":"https://weibo.cn/1334197803/fans?page=12"] (23.972719797s)
[000152] 1 [    14 - xml] map["selector":"//a[text()=\"关注他\" or text()=\"关注她\" or text()=\"移除\"]/@href" "url":"https://weibo.cn/1334197803/fans?page=12"] (23.973732014s)
[000153] 1 [    14 - xml] map["selector":"//a[text()=\"关注他\" or text()=\"关注她\" or text()=\"移除\"]/@href" "url":"https://weibo.cn/1334197803/fans?page=12"] (23.974639135s)
[000154] 1 [    14 - xml] map["selector":"//a[text()=\"关注他\" or text()=\"关注她\" or text()=\"移除\"]/@href" "url":"https://weibo.cn/1334197803/fans?page=12"] (23.975576144s)
[000155] 1 [    14 - xml] map["selector":"//a[text()=\"关注他\" or text()=\"关注她\" or text()=\"移除\"]/@href" "url":"https://weibo.cn/1334197803/fans?page=12"] (23.976934385s)
[000156] 1 [    14 - xml] map["selector":"//a[text()=\"关注他\" or text()=\"关注她\" or text()=\"移除\"]/@href" "url":"https://weibo.cn/1334197803/fans?page=12"] (23.97794607s)
[000157] 1 [    14 - xml] map["selector":"//a[text()=\"关注他\" or text()=\"关注她\" or text()=\"移除\"]/@href" "url":"https://weibo.cn/1334197803/fans?page=12"] (23.978832096s)
[000158] 1 [    14 - xml] map["selector":"//a[text()=\"关注他\" or text()=\"关注她\" or text()=\"移除\"]/@href" "url":"https://weibo.cn/1334197803/fans?page=12"] (23.979647198s)
[000159] 1 [    14 - scraped] map["url":"https://weibo.cn/1334197803/fans?page=12"] (23.980486649s)
[000160] 1 [     7 - response] map["status":"OK" "url":"https://weibo.cn/1334197803/fans?page=5"] (25.6016559s)
[000161] 1 [     7 - xml] map["selector":"//a[text()=\"关注他\" or text()=\"关注她\" or text()=\"移除\"]/@href" "url":"https://weibo.cn/1334197803/fans?page=5"] (25.602289435s)
[000162] 1 [     7 - xml] map["selector":"//a[text()=\"关注他\" or text()=\"关注她\" or text()=\"移除\"]/@href" "url":"https://weibo.cn/1334197803/fans?page=5"] (25.604005774s)
[000163] 1 [     7 - xml] map["selector":"//a[text()=\"关注他\" or text()=\"关注她\" or text()=\"移除\"]/@href" "url":"https://weibo.cn/1334197803/fans?page=5"] (25.604837001s)
[000164] 1 [     7 - xml] map["selector":"//a[text()=\"关注他\" or text()=\"关注她\" or text()=\"移除\"]/@href" "url":"https://weibo.cn/1334197803/fans?page=5"] (25.605679038s)
[000165] 1 [     7 - xml] map["selector":"//a[text()=\"关注他\" or text()=\"关注她\" or text()=\"移除\"]/@href" "url":"https://weibo.cn/1334197803/fans?page=5"] (25.606543448s)
[000166] 1 [     7 - xml] map["selector":"//a[text()=\"关注他\" or text()=\"关注她\" or text()=\"移除\"]/@href" "url":"https://weibo.cn/1334197803/fans?page=5"] (25.607507438s)
[000167] 1 [     7 - xml] map["selector":"//a[text()=\"关注他\" or text()=\"关注她\" or text()=\"移除\"]/@href" "url":"https://weibo.cn/1334197803/fans?page=5"] (25.608931296s)
[000168] 1 [     7 - xml] map["selector":"//a[text()=\"关注他\" or text()=\"关注她\" or text()=\"移除\"]/@href" "url":"https://weibo.cn/1334197803/fans?page=5"] (25.610232916s)
[000169] 1 [     7 - xml] map["selector":"//a[text()=\"关注他\" or text()=\"关注她\" or text()=\"移除\"]/@href" "url":"https://weibo.cn/1334197803/fans?page=5"] (25.611286003s)
[000170] 1 [     7 - xml] map["selector":"//a[text()=\"关注他\" or text()=\"关注她\" or text()=\"移除\"]/@href" "url":"https://weibo.cn/1334197803/fans?page=5"] (25.612238291s)
[000171] 1 [     7 - scraped] map["url":"https://weibo.cn/1334197803/fans?page=5"] (25.613189782s)
[000172] 1 [     8 - response] map["status":"OK" "url":"https://weibo.cn/1334197803/fans?page=7"] (28.029396734s)
[000173] 1 [     8 - xml] map["selector":"//a[text()=\"关注他\" or text()=\"关注她\" or text()=\"移除\"]/@href" "url":"https://weibo.cn/1334197803/fans?page=7"] (28.030180652s)
[000174] 1 [     8 - xml] map["selector":"//a[text()=\"关注他\" or text()=\"关注她\" or text()=\"移除\"]/@href" "url":"https://weibo.cn/1334197803/fans?page=7"] (28.032647581s)
[000175] 1 [     8 - xml] map["selector":"//a[text()=\"关注他\" or text()=\"关注她\" or text()=\"移除\"]/@href" "url":"https://weibo.cn/1334197803/fans?page=7"] (28.03374742s)
[000176] 1 [     8 - xml] map["selector":"//a[text()=\"关注他\" or text()=\"关注她\" or text()=\"移除\"]/@href" "url":"https://weibo.cn/1334197803/fans?page=7"] (28.034718108s)
[000177] 1 [     8 - xml] map["selector":"//a[text()=\"关注他\" or text()=\"关注她\" or text()=\"移除\"]/@href" "url":"https://weibo.cn/1334197803/fans?page=7"] (28.035664952s)
[000178] 1 [     8 - xml] map["selector":"//a[text()=\"关注他\" or text()=\"关注她\" or text()=\"移除\"]/@href" "url":"https://weibo.cn/1334197803/fans?page=7"] (28.036461246s)
[000179] 1 [     8 - xml] map["selector":"//a[text()=\"关注他\" or text()=\"关注她\" or text()=\"移除\"]/@href" "url":"https://weibo.cn/1334197803/fans?page=7"] (28.037319284s)
[000180] 1 [     8 - xml] map["selector":"//a[text()=\"关注他\" or text()=\"关注她\" or text()=\"移除\"]/@href" "url":"https://weibo.cn/1334197803/fans?page=7"] (28.038072095s)
[000181] 1 [     8 - xml] map["selector":"//a[text()=\"关注他\" or text()=\"关注她\" or text()=\"移除\"]/@href" "url":"https://weibo.cn/1334197803/fans?page=7"] (28.038893925s)
[000182] 1 [     8 - xml] map["selector":"//a[text()=\"关注他\" or text()=\"关注她\" or text()=\"移除\"]/@href" "url":"https://weibo.cn/1334197803/fans?page=7"] (28.039700985s)
[000183] 1 [     8 - scraped] map["url":"https://weibo.cn/1334197803/fans?page=7"] (28.040447867s)
[000184] 1 [    12 - response] map["status":"OK" "url":"https://weibo.cn/1334197803/fans?page=15"] (31.247707718s)
[000185] 1 [    12 - xml] map["selector":"//a[text()=\"关注他\" or text()=\"关注她\" or text()=\"移除\"]/@href" "url":"https://weibo.cn/1334197803/fans?page=15"] (31.248555784s)
[000186] 1 [    12 - xml] map["selector":"//a[text()=\"关注他\" or text()=\"关注她\" or text()=\"移除\"]/@href" "url":"https://weibo.cn/1334197803/fans?page=15"] (31.251062523s)
[000187] 1 [    12 - xml] map["selector":"//a[text()=\"关注他\" or text()=\"关注她\" or text()=\"移除\"]/@href" "url":"https://weibo.cn/1334197803/fans?page=15"] (31.252174526s)
[000188] 1 [    12 - xml] map["selector":"//a[text()=\"关注他\" or text()=\"关注她\" or text()=\"移除\"]/@href" "url":"https://weibo.cn/1334197803/fans?page=15"] (31.253136287s)
[000189] 1 [    12 - xml] map["selector":"//a[text()=\"关注他\" or text()=\"关注她\" or text()=\"移除\"]/@href" "url":"https://weibo.cn/1334197803/fans?page=15"] (31.254461674s)
[000190] 1 [    12 - xml] map["selector":"//a[text()=\"关注他\" or text()=\"关注她\" or text()=\"移除\"]/@href" "url":"https://weibo.cn/1334197803/fans?page=15"] (31.255900127s)
[000191] 1 [    12 - xml] map["selector":"//a[text()=\"关注他\" or text()=\"关注她\" or text()=\"移除\"]/@href" "url":"https://weibo.cn/1334197803/fans?page=15"] (31.25710035s)
[000192] 1 [    12 - xml] map["selector":"//a[text()=\"关注他\" or text()=\"关注她\" or text()=\"移除\"]/@href" "url":"https://weibo.cn/1334197803/fans?page=15"] (31.258136139s)
[000193] 1 [    12 - xml] map["selector":"//a[text()=\"关注他\" or text()=\"关注她\" or text()=\"移除\"]/@href" "url":"https://weibo.cn/1334197803/fans?page=15"] (31.25901554s)
[000194] 1 [    12 - xml] map["selector":"//a[text()=\"关注他\" or text()=\"关注她\" or text()=\"移除\"]/@href" "url":"https://weibo.cn/1334197803/fans?page=15"] (31.25995701s)
[000195] 1 [    12 - scraped] map["url":"https://weibo.cn/1334197803/fans?page=15"] (31.260731573s)
[000196] 1 [    17 - response] map["status":"OK" "url":"https://weibo.cn/1334197803/fans?page=18"] (32.2538298s)
[000197] 1 [    17 - xml] map["selector":"//a[text()=\"关注他\" or text()=\"关注她\" or text()=\"移除\"]/@href" "url":"https://weibo.cn/1334197803/fans?page=18"] (32.254650912s)
[000198] 1 [    17 - xml] map["selector":"//a[text()=\"关注他\" or text()=\"关注她\" or text()=\"移除\"]/@href" "url":"https://weibo.cn/1334197803/fans?page=18"] (32.256675541s)
[000199] 1 [    17 - xml] map["selector":"//a[text()=\"关注他\" or text()=\"关注她\" or text()=\"移除\"]/@href" "url":"https://weibo.cn/1334197803/fans?page=18"] (32.257891301s)
[000200] 1 [    17 - xml] map["selector":"//a[text()=\"关注他\" or text()=\"关注她\" or text()=\"移除\"]/@href" "url":"https://weibo.cn/1334197803/fans?page=18"] (32.259042643s)
[000201] 1 [    17 - xml] map["selector":"//a[text()=\"关注他\" or text()=\"关注她\" or text()=\"移除\"]/@href" "url":"https://weibo.cn/1334197803/fans?page=18"] (32.260147226s)
[000202] 1 [    17 - xml] map["selector":"//a[text()=\"关注他\" or text()=\"关注她\" or text()=\"移除\"]/@href" "url":"https://weibo.cn/1334197803/fans?page=18"] (32.26116497s)
[000203] 1 [    17 - xml] map["selector":"//a[text()=\"关注他\" or text()=\"关注她\" or text()=\"移除\"]/@href" "url":"https://weibo.cn/1334197803/fans?page=18"] (32.262207931s)
[000204] 1 [    17 - xml] map["selector":"//a[text()=\"关注他\" or text()=\"关注她\" or text()=\"移除\"]/@href" "url":"https://weibo.cn/1334197803/fans?page=18"] (32.263106848s)
[000205] 1 [    17 - xml] map["selector":"//a[text()=\"关注他\" or text()=\"关注她\" or text()=\"移除\"]/@href" "url":"https://weibo.cn/1334197803/fans?page=18"] (32.264023908s)
[000206] 1 [    17 - xml] map["selector":"//a[text()=\"关注他\" or text()=\"关注她\" or text()=\"移除\"]/@href" "url":"https://weibo.cn/1334197803/fans?page=18"] (32.264991665s)
[000207] 1 [    17 - scraped] map["url":"https://weibo.cn/1334197803/fans?page=18"] (32.265801547s)
[000208] 1 [    18 - response] map["status":"OK" "url":"https://weibo.cn/1334197803/fans?page=13"] (35.81671427s)
[000209] 1 [    18 - xml] map["selector":"//a[text()=\"关注他\" or text()=\"关注她\" or text()=\"移除\"]/@href" "url":"https://weibo.cn/1334197803/fans?page=13"] (35.817507122s)
[000210] 1 [    18 - xml] map["selector":"//a[text()=\"关注他\" or text()=\"关注她\" or text()=\"移除\"]/@href" "url":"https://weibo.cn/1334197803/fans?page=13"] (35.819266897s)
[000211] 1 [    18 - xml] map["selector":"//a[text()=\"关注他\" or text()=\"关注她\" or text()=\"移除\"]/@href" "url":"https://weibo.cn/1334197803/fans?page=13"] (35.822376256s)
[000212] 1 [    18 - xml] map["selector":"//a[text()=\"关注他\" or text()=\"关注她\" or text()=\"移除\"]/@href" "url":"https://weibo.cn/1334197803/fans?page=13"] (35.823347432s)
[000213] 1 [    18 - xml] map["selector":"//a[text()=\"关注他\" or text()=\"关注她\" or text()=\"移除\"]/@href" "url":"https://weibo.cn/1334197803/fans?page=13"] (35.825045199s)
[000214] 1 [    18 - xml] map["selector":"//a[text()=\"关注他\" or text()=\"关注她\" or text()=\"移除\"]/@href" "url":"https://weibo.cn/1334197803/fans?page=13"] (35.826460555s)
[000215] 1 [    18 - xml] map["selector":"//a[text()=\"关注他\" or text()=\"关注她\" or text()=\"移除\"]/@href" "url":"https://weibo.cn/1334197803/fans?page=13"] (35.827505401s)
[000216] 1 [    18 - xml] map["selector":"//a[text()=\"关注他\" or text()=\"关注她\" or text()=\"移除\"]/@href" "url":"https://weibo.cn/1334197803/fans?page=13"] (35.828557215s)
[000217] 1 [    18 - xml] map["selector":"//a[text()=\"关注他\" or text()=\"关注她\" or text()=\"移除\"]/@href" "url":"https://weibo.cn/1334197803/fans?page=13"] (35.829504389s)
[000218] 1 [    18 - xml] map["selector":"//a[text()=\"关注他\" or text()=\"关注她\" or text()=\"移除\"]/@href" "url":"https://weibo.cn/1334197803/fans?page=13"] (35.830346449s)
[000219] 1 [    18 - scraped] map["url":"https://weibo.cn/1334197803/fans?page=13"] (35.831219266s)
[000220] 1 [    13 - response] map["status":"OK" "url":"https://weibo.cn/1334197803/fans?page=11"] (36.866800313s)
[000221] 1 [    13 - xml] map["selector":"//a[text()=\"关注他\" or text()=\"关注她\" or text()=\"移除\"]/@href" "url":"https://weibo.cn/1334197803/fans?page=11"] (36.867715487s)
[000222] 1 [    13 - xml] map["selector":"//a[text()=\"关注他\" or text()=\"关注她\" or text()=\"移除\"]/@href" "url":"https://weibo.cn/1334197803/fans?page=11"] (36.870280711s)
[000223] 1 [    13 - xml] map["selector":"//a[text()=\"关注他\" or text()=\"关注她\" or text()=\"移除\"]/@href" "url":"https://weibo.cn/1334197803/fans?page=11"] (36.871969254s)
[000224] 1 [    13 - xml] map["selector":"//a[text()=\"关注他\" or text()=\"关注她\" or text()=\"移除\"]/@href" "url":"https://weibo.cn/1334197803/fans?page=11"] (36.873345851s)
[000225] 1 [    13 - xml] map["selector":"//a[text()=\"关注他\" or text()=\"关注她\" or text()=\"移除\"]/@href" "url":"https://weibo.cn/1334197803/fans?page=11"] (36.874279224s)
[000226] 1 [    13 - xml] map["selector":"//a[text()=\"关注他\" or text()=\"关注她\" or text()=\"移除\"]/@href" "url":"https://weibo.cn/1334197803/fans?page=11"] (36.875300551s)
[000227] 1 [    13 - xml] map["selector":"//a[text()=\"关注他\" or text()=\"关注她\" or text()=\"移除\"]/@href" "url":"https://weibo.cn/1334197803/fans?page=11"] (36.876153405s)
[000228] 1 [    13 - xml] map["selector":"//a[text()=\"关注他\" or text()=\"关注她\" or text()=\"移除\"]/@href" "url":"https://weibo.cn/1334197803/fans?page=11"] (36.877031801s)
[000229] 1 [    13 - xml] map["selector":"//a[text()=\"关注他\" or text()=\"关注她\" or text()=\"移除\"]/@href" "url":"https://weibo.cn/1334197803/fans?page=11"] (36.877913758s)
[000230] 1 [    13 - xml] map["selector":"//a[text()=\"关注他\" or text()=\"关注她\" or text()=\"移除\"]/@href" "url":"https://weibo.cn/1334197803/fans?page=11"] (36.878653025s)
[000231] 1 [    13 - scraped] map["url":"https://weibo.cn/1334197803/fans?page=11"] (36.879396353s)
[000232] 1 [    15 - response] map["status":"OK" "url":"https://weibo.cn/1334197803/fans?page=17"] (39.776129359s)
[000233] 1 [    15 - xml] map["selector":"//a[text()=\"关注他\" or text()=\"关注她\" or text()=\"移除\"]/@href" "url":"https://weibo.cn/1334197803/fans?page=17"] (39.777024777s)
[000234] 1 [    15 - xml] map["selector":"//a[text()=\"关注他\" or text()=\"关注她\" or text()=\"移除\"]/@href" "url":"https://weibo.cn/1334197803/fans?page=17"] (39.780990951s)
[000235] 1 [    15 - xml] map["selector":"//a[text()=\"关注他\" or text()=\"关注她\" or text()=\"移除\"]/@href" "url":"https://weibo.cn/1334197803/fans?page=17"] (39.783192886s)
[000236] 1 [    15 - xml] map["selector":"//a[text()=\"关注他\" or text()=\"关注她\" or text()=\"移除\"]/@href" "url":"https://weibo.cn/1334197803/fans?page=17"] (39.786292498s)
[000237] 1 [    15 - xml] map["selector":"//a[text()=\"关注他\" or text()=\"关注她\" or text()=\"移除\"]/@href" "url":"https://weibo.cn/1334197803/fans?page=17"] (39.789077847s)
[000238] 1 [    15 - xml] map["selector":"//a[text()=\"关注他\" or text()=\"关注她\" or text()=\"移除\"]/@href" "url":"https://weibo.cn/1334197803/fans?page=17"] (39.790092801s)
[000239] 1 [    15 - xml] map["selector":"//a[text()=\"关注他\" or text()=\"关注她\" or text()=\"移除\"]/@href" "url":"https://weibo.cn/1334197803/fans?page=17"] (39.79098246s)
[000240] 1 [    15 - xml] map["selector":"//a[text()=\"关注他\" or text()=\"关注她\" or text()=\"移除\"]/@href" "url":"https://weibo.cn/1334197803/fans?page=17"] (39.79232851s)
[000241] 1 [    15 - xml] map["selector":"//a[text()=\"关注他\" or text()=\"关注她\" or text()=\"移除\"]/@href" "url":"https://weibo.cn/1334197803/fans?page=17"] (39.793472931s)
[000242] 1 [    15 - xml] map["selector":"//a[text()=\"关注他\" or text()=\"关注她\" or text()=\"移除\"]/@href" "url":"https://weibo.cn/1334197803/fans?page=17"] (39.794498617s)
[000243] 1 [    15 - scraped] map["url":"https://weibo.cn/1334197803/fans?page=17"] (39.79534708s)
[000244] 1 [    16 - response] map["status":"OK" "url":"https://weibo.cn/1334197803/fans?page=16"] (41.280190004s)
[000245] 1 [    16 - xml] map["selector":"//a[text()=\"关注他\" or text()=\"关注她\" or text()=\"移除\"]/@href" "url":"https://weibo.cn/1334197803/fans?page=16"] (41.281037021s)
[000246] 1 [    16 - xml] map["selector":"//a[text()=\"关注他\" or text()=\"关注她\" or text()=\"移除\"]/@href" "url":"https://weibo.cn/1334197803/fans?page=16"] (41.282634675s)
[000247] 1 [    16 - xml] map["selector":"//a[text()=\"关注他\" or text()=\"关注她\" or text()=\"移除\"]/@href" "url":"https://weibo.cn/1334197803/fans?page=16"] (41.283646356s)
[000248] 1 [    16 - xml] map["selector":"//a[text()=\"关注他\" or text()=\"关注她\" or text()=\"移除\"]/@href" "url":"https://weibo.cn/1334197803/fans?page=16"] (41.284518238s)
[000249] 1 [    16 - xml] map["selector":"//a[text()=\"关注他\" or text()=\"关注她\" or text()=\"移除\"]/@href" "url":"https://weibo.cn/1334197803/fans?page=16"] (41.285362417s)
[000250] 1 [    16 - xml] map["selector":"//a[text()=\"关注他\" or text()=\"关注她\" or text()=\"移除\"]/@href" "url":"https://weibo.cn/1334197803/fans?page=16"] (41.286205032s)
[000251] 1 [    16 - xml] map["selector":"//a[text()=\"关注他\" or text()=\"关注她\" or text()=\"移除\"]/@href" "url":"https://weibo.cn/1334197803/fans?page=16"] (41.287004014s)
[000252] 1 [    16 - xml] map["selector":"//a[text()=\"关注他\" or text()=\"关注她\" or text()=\"移除\"]/@href" "url":"https://weibo.cn/1334197803/fans?page=16"] (41.28821121s)
[000253] 1 [    16 - xml] map["selector":"//a[text()=\"关注他\" or text()=\"关注她\" or text()=\"移除\"]/@href" "url":"https://weibo.cn/1334197803/fans?page=16"] (41.289363823s)
[000254] 1 [    16 - xml] map["selector":"//a[text()=\"关注他\" or text()=\"关注她\" or text()=\"移除\"]/@href" "url":"https://weibo.cn/1334197803/fans?page=16"] (41.290342232s)
[000255] 1 [    16 - scraped] map["url":"https://weibo.cn/1334197803/fans?page=16"] (41.291166288s)
[000256] 1 [    19 - response] map["status":"OK" "url":"https://weibo.cn/1334197803/fans?page=19"] (43.90404427s)
[000257] 1 [    19 - xml] map["selector":"//a[text()=\"关注他\" or text()=\"关注她\" or text()=\"移除\"]/@href" "url":"https://weibo.cn/1334197803/fans?page=19"] (43.904802859s)
[000258] 1 [    19 - xml] map["selector":"//a[text()=\"关注他\" or text()=\"关注她\" or text()=\"移除\"]/@href" "url":"https://weibo.cn/1334197803/fans?page=19"] (43.906325514s)
[000259] 1 [    19 - xml] map["selector":"//a[text()=\"关注他\" or text()=\"关注她\" or text()=\"移除\"]/@href" "url":"https://weibo.cn/1334197803/fans?page=19"] (43.907560282s)
[000260] 1 [    19 - xml] map["selector":"//a[text()=\"关注他\" or text()=\"关注她\" or text()=\"移除\"]/@href" "url":"https://weibo.cn/1334197803/fans?page=19"] (43.908878541s)
[000261] 1 [    19 - xml] map["selector":"//a[text()=\"关注他\" or text()=\"关注她\" or text()=\"移除\"]/@href" "url":"https://weibo.cn/1334197803/fans?page=19"] (43.910092255s)
[000262] 1 [    19 - xml] map["selector":"//a[text()=\"关注他\" or text()=\"关注她\" or text()=\"移除\"]/@href" "url":"https://weibo.cn/1334197803/fans?page=19"] (43.911140066s)
[000263] 1 [    19 - xml] map["selector":"//a[text()=\"关注他\" or text()=\"关注她\" or text()=\"移除\"]/@href" "url":"https://weibo.cn/1334197803/fans?page=19"] (43.91195214s)
[000264] 1 [    19 - xml] map["selector":"//a[text()=\"关注他\" or text()=\"关注她\" or text()=\"移除\"]/@href" "url":"https://weibo.cn/1334197803/fans?page=19"] (43.912763174s)
[000265] 1 [    19 - xml] map["selector":"//a[text()=\"关注他\" or text()=\"关注她\" or text()=\"移除\"]/@href" "url":"https://weibo.cn/1334197803/fans?page=19"] (43.913529335s)
[000266] 1 [    19 - xml] map["selector":"//a[text()=\"关注他\" or text()=\"关注她\" or text()=\"移除\"]/@href" "url":"https://weibo.cn/1334197803/fans?page=19"] (43.914308632s)
[000267] 1 [    19 - scraped] map["url":"https://weibo.cn/1334197803/fans?page=19"] (43.915110271s)
[000268] 1 [    20 - response] map["status":"OK" "url":"https://weibo.cn/1334197803/fans?page=14"] (45.925856174s)
[000269] 1 [    20 - xml] map["selector":"//a[text()=\"关注他\" or text()=\"关注她\" or text()=\"移除\"]/@href" "url":"https://weibo.cn/1334197803/fans?page=14"] (45.926636741s)
[000270] 1 [    20 - xml] map["selector":"//a[text()=\"关注他\" or text()=\"关注她\" or text()=\"移除\"]/@href" "url":"https://weibo.cn/1334197803/fans?page=14"] (45.928384844s)
[000271] 1 [    20 - xml] map["selector":"//a[text()=\"关注他\" or text()=\"关注她\" or text()=\"移除\"]/@href" "url":"https://weibo.cn/1334197803/fans?page=14"] (45.929434221s)
[000272] 1 [    20 - xml] map["selector":"//a[text()=\"关注他\" or text()=\"关注她\" or text()=\"移除\"]/@href" "url":"https://weibo.cn/1334197803/fans?page=14"] (45.930535685s)
[000273] 1 [    20 - xml] map["selector":"//a[text()=\"关注他\" or text()=\"关注她\" or text()=\"移除\"]/@href" "url":"https://weibo.cn/1334197803/fans?page=14"] (45.931586028s)
[000274] 1 [    20 - xml] map["selector":"//a[text()=\"关注他\" or text()=\"关注她\" or text()=\"移除\"]/@href" "url":"https://weibo.cn/1334197803/fans?page=14"] (45.932595402s)
[000275] 1 [    20 - xml] map["selector":"//a[text()=\"关注他\" or text()=\"关注她\" or text()=\"移除\"]/@href" "url":"https://weibo.cn/1334197803/fans?page=14"] (45.933573531s)
[000276] 1 [    20 - xml] map["selector":"//a[text()=\"关注他\" or text()=\"关注她\" or text()=\"移除\"]/@href" "url":"https://weibo.cn/1334197803/fans?page=14"] (45.934453768s)
[000277] 1 [    20 - xml] map["selector":"//a[text()=\"关注他\" or text()=\"关注她\" or text()=\"移除\"]/@href" "url":"https://weibo.cn/1334197803/fans?page=14"] (45.935524623s)
[000278] 1 [    20 - xml] map["selector":"//a[text()=\"关注他\" or text()=\"关注她\" or text()=\"移除\"]/@href" "url":"https://weibo.cn/1334197803/fans?page=14"] (45.936776413s)
[000279] 1 [    20 - scraped] map["url":"https://weibo.cn/1334197803/fans?page=14"] (45.937630993s)
[000280] 1 [    21 - response] map["status":"OK" "url":"https://weibo.cn/1334197803/fans?page=20"] (47.737082199s)
[000281] 1 [    21 - xml] map["selector":"//a[text()=\"关注他\" or text()=\"关注她\" or text()=\"移除\"]/@href" "url":"https://weibo.cn/1334197803/fans?page=20"] (47.737686519s)
[000282] 1 [    21 - xml] map["selector":"//a[text()=\"关注他\" or text()=\"关注她\" or text()=\"移除\"]/@href" "url":"https://weibo.cn/1334197803/fans?page=20"] (47.739160432s)
[000283] 1 [    21 - xml] map["selector":"//a[text()=\"关注他\" or text()=\"关注她\" or text()=\"移除\"]/@href" "url":"https://weibo.cn/1334197803/fans?page=20"] (47.740167253s)
[000284] 1 [    21 - xml] map["selector":"//a[text()=\"关注他\" or text()=\"关注她\" or text()=\"移除\"]/@href" "url":"https://weibo.cn/1334197803/fans?page=20"] (47.74103563s)
[000285] 1 [    21 - xml] map["selector":"//a[text()=\"关注他\" or text()=\"关注她\" or text()=\"移除\"]/@href" "url":"https://weibo.cn/1334197803/fans?page=20"] (47.741777057s)
[000286] 1 [    21 - xml] map["selector":"//a[text()=\"关注他\" or text()=\"关注她\" or text()=\"移除\"]/@href" "url":"https://weibo.cn/1334197803/fans?page=20"] (47.742500537s)
[000287] 1 [    21 - xml] map["selector":"//a[text()=\"关注他\" or text()=\"关注她\" or text()=\"移除\"]/@href" "url":"https://weibo.cn/1334197803/fans?page=20"] (47.743260385s)
[000288] 1 [    21 - xml] map["selector":"//a[text()=\"关注他\" or text()=\"关注她\" or text()=\"移除\"]/@href" "url":"https://weibo.cn/1334197803/fans?page=20"] (47.743996673s)
[000289] 1 [    21 - xml] map["selector":"//a[text()=\"关注他\" or text()=\"关注她\" or text()=\"移除\"]/@href" "url":"https://weibo.cn/1334197803/fans?page=20"] (47.744764747s)
[000290] 1 [    21 - xml] map["selector":"//a[text()=\"关注他\" or text()=\"关注她\" or text()=\"移除\"]/@href" "url":"https://weibo.cn/1334197803/fans?page=20"] (47.745509246s)
[000291] 1 [    21 - scraped] map["url":"https://weibo.cn/1334197803/fans?page=20"] (47.74624536s)
[000292] 1 [    24 - response] map["status":"OK" "url":"https://weibo.cn/2932185514/fans?page=2"] (49.661070231s)
[000293] 1 [    24 - xml] map["selector":"//a[text()=\"关注他\" or text()=\"关注她\" or text()=\"移除\"]/@href" "url":"https://weibo.cn/2932185514/fans?page=2"] (49.66166887s)
[000294] 1 [    24 - xml] map["selector":"//a[text()=\"关注他\" or text()=\"关注她\" or text()=\"移除\"]/@href" "url":"https://weibo.cn/2932185514/fans?page=2"] (49.663104448s)
[000295] 1 [    24 - xml] map["selector":"//a[text()=\"关注他\" or text()=\"关注她\" or text()=\"移除\"]/@href" "url":"https://weibo.cn/2932185514/fans?page=2"] (49.663970524s)
[000296] 1 [    24 - xml] map["selector":"//a[text()=\"关注他\" or text()=\"关注她\" or text()=\"移除\"]/@href" "url":"https://weibo.cn/2932185514/fans?page=2"] (49.66478113s)
[000297] 1 [    24 - xml] map["selector":"//a[text()=\"关注他\" or text()=\"关注她\" or text()=\"移除\"]/@href" "url":"https://weibo.cn/2932185514/fans?page=2"] (49.665679493s)
[000298] 1 [    24 - xml] map["selector":"//a[text()=\"关注他\" or text()=\"关注她\" or text()=\"移除\"]/@href" "url":"https://weibo.cn/2932185514/fans?page=2"] (49.666675305s)
[000299] 1 [    24 - xml] map["selector":"//a[text()=\"关注他\" or text()=\"关注她\" or text()=\"移除\"]/@href" "url":"https://weibo.cn/2932185514/fans?page=2"] (49.667984904s)
[000300] 1 [    24 - xml] map["selector":"//a[text()=\"关注他\" or text()=\"关注她\" or text()=\"移除\"]/@href" "url":"https://weibo.cn/2932185514/fans?page=2"] (49.669412451s)
[000301] 1 [    24 - xml] map["selector":"//a[text()=\"关注他\" or text()=\"关注她\" or text()=\"移除\"]/@href" "url":"https://weibo.cn/2932185514/fans?page=2"] (49.671091294s)
[000302] 1 [    24 - xml] map["selector":"//a[text()=\"关注他\" or text()=\"关注她\" or text()=\"移除\"]/@href" "url":"https://weibo.cn/2932185514/fans?page=2"] (49.673052913s)
[000303] 1 [    24 - scraped] map["url":"https://weibo.cn/2932185514/fans?page=2"] (49.674038061s)
[000304] 1 [    25 - response] map["status":"OK" "url":"https://weibo.cn/2932185514/fans?page=20"] (51.563219307s)
[000305] 1 [    25 - xml] map["selector":"//a[text()=\"关注他\" or text()=\"关注她\" or text()=\"移除\"]/@href" "url":"https://weibo.cn/2932185514/fans?page=20"] (51.563801303s)
[000306] 1 [    25 - xml] map["selector":"//a[text()=\"关注他\" or text()=\"关注她\" or text()=\"移除\"]/@href" "url":"https://weibo.cn/2932185514/fans?page=20"] (51.565332742s)
[000307] 1 [    25 - xml] map["selector":"//a[text()=\"关注他\" or text()=\"关注她\" or text()=\"移除\"]/@href" "url":"https://weibo.cn/2932185514/fans?page=20"] (51.566219611s)
[000308] 1 [    25 - xml] map["selector":"//a[text()=\"关注他\" or text()=\"关注她\" or text()=\"移除\"]/@href" "url":"https://weibo.cn/2932185514/fans?page=20"] (51.567047604s)
[000309] 1 [    25 - xml] map["selector":"//a[text()=\"关注他\" or text()=\"关注她\" or text()=\"移除\"]/@href" "url":"https://weibo.cn/2932185514/fans?page=20"] (51.567943867s)
[000310] 1 [    25 - xml] map["selector":"//a[text()=\"关注他\" or text()=\"关注她\" or text()=\"移除\"]/@href" "url":"https://weibo.cn/2932185514/fans?page=20"] (51.56874968s)
[000311] 1 [    25 - xml] map["selector":"//a[text()=\"关注他\" or text()=\"关注她\" or text()=\"移除\"]/@href" "url":"https://weibo.cn/2932185514/fans?page=20"] (51.569740653s)
[000312] 1 [    25 - xml] map["selector":"//a[text()=\"关注他\" or text()=\"关注她\" or text()=\"移除\"]/@href" "url":"https://weibo.cn/2932185514/fans?page=20"] (51.570593973s)
[000313] 1 [    25 - xml] map["selector":"//a[text()=\"关注他\" or text()=\"关注她\" or text()=\"移除\"]/@href" "url":"https://weibo.cn/2932185514/fans?page=20"] (51.571583255s)
[000314] 1 [    25 - xml] map["selector":"//a[text()=\"关注他\" or text()=\"关注她\" or text()=\"移除\"]/@href" "url":"https://weibo.cn/2932185514/fans?page=20"] (51.572614016s)
[000315] 1 [    25 - scraped] map["url":"https://weibo.cn/2932185514/fans?page=20"] (51.57363565s)
[000316] 1 [    26 - response] map["status":"OK" "url":"https://weibo.cn/2932185514/fans?page=6"] (54.720805334s)
[000317] 1 [    26 - xml] map["selector":"//a[text()=\"关注他\" or text()=\"关注她\" or text()=\"移除\"]/@href" "url":"https://weibo.cn/2932185514/fans?page=6"] (54.721553213s)
[000318] 1 [    26 - xml] map["selector":"//a[text()=\"关注他\" or text()=\"关注她\" or text()=\"移除\"]/@href" "url":"https://weibo.cn/2932185514/fans?page=6"] (54.723145005s)
[000319] 1 [    26 - xml] map["selector":"//a[text()=\"关注他\" or text()=\"关注她\" or text()=\"移除\"]/@href" "url":"https://weibo.cn/2932185514/fans?page=6"] (54.72419544s)
[000320] 1 [    26 - xml] map["selector":"//a[text()=\"关注他\" or text()=\"关注她\" or text()=\"移除\"]/@href" "url":"https://weibo.cn/2932185514/fans?page=6"] (54.725014152s)
[000321] 1 [    26 - xml] map["selector":"//a[text()=\"关注他\" or text()=\"关注她\" or text()=\"移除\"]/@href" "url":"https://weibo.cn/2932185514/fans?page=6"] (54.725908292s)
[000322] 1 [    26 - xml] map["selector":"//a[text()=\"关注他\" or text()=\"关注她\" or text()=\"移除\"]/@href" "url":"https://weibo.cn/2932185514/fans?page=6"] (54.726697943s)
[000323] 1 [    26 - xml] map["selector":"//a[text()=\"关注他\" or text()=\"关注她\" or text()=\"移除\"]/@href" "url":"https://weibo.cn/2932185514/fans?page=6"] (54.727552613s)
[000324] 1 [    26 - xml] map["selector":"//a[text()=\"关注他\" or text()=\"关注她\" or text()=\"移除\"]/@href" "url":"https://weibo.cn/2932185514/fans?page=6"] (54.728344793s)
[000325] 1 [    26 - xml] map["selector":"//a[text()=\"关注他\" or text()=\"关注她\" or text()=\"移除\"]/@href" "url":"https://weibo.cn/2932185514/fans?page=6"] (54.729056082s)
[000326] 1 [    26 - xml] map["selector":"//a[text()=\"关注他\" or text()=\"关注她\" or text()=\"移除\"]/@href" "url":"https://weibo.cn/2932185514/fans?page=6"] (54.730002319s)
[000327] 1 [    26 - scraped] map["url":"https://weibo.cn/2932185514/fans?page=6"] (54.730887104s)
[000328] 1 [    32 - response] map["status":"OK" "url":"https://weibo.cn/2932185514/fans?page=19"] (56.593074333s)
[000329] 1 [    32 - xml] map["selector":"//a[text()=\"关注他\" or text()=\"关注她\" or text()=\"移除\"]/@href" "url":"https://weibo.cn/2932185514/fans?page=19"] (56.594718439s)
[000330] 1 [    32 - xml] map["selector":"//a[text()=\"关注他\" or text()=\"关注她\" or text()=\"移除\"]/@href" "url":"https://weibo.cn/2932185514/fans?page=19"] (56.596746718s)
[000331] 1 [    32 - xml] map["selector":"//a[text()=\"关注他\" or text()=\"关注她\" or text()=\"移除\"]/@href" "url":"https://weibo.cn/2932185514/fans?page=19"] (56.597801107s)
[000332] 1 [    32 - xml] map["selector":"//a[text()=\"关注他\" or text()=\"关注她\" or text()=\"移除\"]/@href" "url":"https://weibo.cn/2932185514/fans?page=19"] (56.598791138s)
[000333] 1 [    32 - xml] map["selector":"//a[text()=\"关注他\" or text()=\"关注她\" or text()=\"移除\"]/@href" "url":"https://weibo.cn/2932185514/fans?page=19"] (56.599741883s)
[000334] 1 [    32 - xml] map["selector":"//a[text()=\"关注他\" or text()=\"关注她\" or text()=\"移除\"]/@href" "url":"https://weibo.cn/2932185514/fans?page=19"] (56.600672155s)
[000335] 1 [    32 - xml] map["selector":"//a[text()=\"关注他\" or text()=\"关注她\" or text()=\"移除\"]/@href" "url":"https://weibo.cn/2932185514/fans?page=19"] (56.601533584s)
[000336] 1 [    32 - xml] map["selector":"//a[text()=\"关注他\" or text()=\"关注她\" or text()=\"移除\"]/@href" "url":"https://weibo.cn/2932185514/fans?page=19"] (56.602334576s)
[000337] 1 [    32 - xml] map["selector":"//a[text()=\"关注他\" or text()=\"关注她\" or text()=\"移除\"]/@href" "url":"https://weibo.cn/2932185514/fans?page=19"] (56.603265338s)
[000338] 1 [    32 - xml] map["selector":"//a[text()=\"关注他\" or text()=\"关注她\" or text()=\"移除\"]/@href" "url":"https://weibo.cn/2932185514/fans?page=19"] (56.604294765s)
[000339] 1 [    32 - scraped] map["url":"https://weibo.cn/2932185514/fans?page=19"] (56.605086877s)
[000340] 1 [    29 - response] map["status":"OK" "url":"https://weibo.cn/2932185514/fans?page=3"] (58.685054178s)
[000341] 1 [    29 - xml] map["selector":"//a[text()=\"关注他\" or text()=\"关注她\" or text()=\"移除\"]/@href" "url":"https://weibo.cn/2932185514/fans?page=3"] (58.685866474s)
[000342] 1 [    29 - xml] map["selector":"//a[text()=\"关注他\" or text()=\"关注她\" or text()=\"移除\"]/@href" "url":"https://weibo.cn/2932185514/fans?page=3"] (58.687446992s)
[000343] 1 [    29 - xml] map["selector":"//a[text()=\"关注他\" or text()=\"关注她\" or text()=\"移除\"]/@href" "url":"https://weibo.cn/2932185514/fans?page=3"] (58.688361281s)
[000344] 1 [    29 - xml] map["selector":"//a[text()=\"关注他\" or text()=\"关注她\" or text()=\"移除\"]/@href" "url":"https://weibo.cn/2932185514/fans?page=3"] (58.689092116s)
[000345] 1 [    29 - xml] map["selector":"//a[text()=\"关注他\" or text()=\"关注她\" or text()=\"移除\"]/@href" "url":"https://weibo.cn/2932185514/fans?page=3"] (58.689941675s)
[000346] 1 [    29 - xml] map["selector":"//a[text()=\"关注他\" or text()=\"关注她\" or text()=\"移除\"]/@href" "url":"https://weibo.cn/2932185514/fans?page=3"] (58.690748639s)
[000347] 1 [    29 - xml] map["selector":"//a[text()=\"关注他\" or text()=\"关注她\" or text()=\"移除\"]/@href" "url":"https://weibo.cn/2932185514/fans?page=3"] (58.691644739s)
[000348] 1 [    29 - xml] map["selector":"//a[text()=\"关注他\" or text()=\"关注她\" or text()=\"移除\"]/@href" "url":"https://weibo.cn/2932185514/fans?page=3"] (58.692457986s)
[000349] 1 [    29 - xml] map["selector":"//a[text()=\"关注他\" or text()=\"关注她\" or text()=\"移除\"]/@href" "url":"https://weibo.cn/2932185514/fans?page=3"] (58.69317309s)
[000350] 1 [    29 - scraped] map["url":"https://weibo.cn/2932185514/fans?page=3"] (58.693947642s)
[000351] 1 [    34 - response] map["status":"OK" "url":"https://weibo.cn/2932185514/fans?page=13"] (1m0.681513925s)
[000352] 1 [    34 - xml] map["selector":"//a[text()=\"关注他\" or text()=\"关注她\" or text()=\"移除\"]/@href" "url":"https://weibo.cn/2932185514/fans?page=13"] (1m0.682361626s)
[000353] 1 [    34 - xml] map["selector":"//a[text()=\"关注他\" or text()=\"关注她\" or text()=\"移除\"]/@href" "url":"https://weibo.cn/2932185514/fans?page=13"] (1m0.683940785s)
[000354] 1 [    34 - xml] map["selector":"//a[text()=\"关注他\" or text()=\"关注她\" or text()=\"移除\"]/@href" "url":"https://weibo.cn/2932185514/fans?page=13"] (1m0.68489196s)
[000355] 1 [    34 - xml] map["selector":"//a[text()=\"关注他\" or text()=\"关注她\" or text()=\"移除\"]/@href" "url":"https://weibo.cn/2932185514/fans?page=13"] (1m0.685820986s)
[000356] 1 [    34 - xml] map["selector":"//a[text()=\"关注他\" or text()=\"关注她\" or text()=\"移除\"]/@href" "url":"https://weibo.cn/2932185514/fans?page=13"] (1m0.686772923s)
[000357] 1 [    34 - xml] map["selector":"//a[text()=\"关注他\" or text()=\"关注她\" or text()=\"移除\"]/@href" "url":"https://weibo.cn/2932185514/fans?page=13"] (1m0.68762723s)
[000358] 1 [    34 - xml] map["selector":"//a[text()=\"关注他\" or text()=\"关注她\" or text()=\"移除\"]/@href" "url":"https://weibo.cn/2932185514/fans?page=13"] (1m0.688590769s)
[000359] 1 [    34 - xml] map["selector":"//a[text()=\"关注他\" or text()=\"关注她\" or text()=\"移除\"]/@href" "url":"https://weibo.cn/2932185514/fans?page=13"] (1m0.689519552s)
[000360] 1 [    34 - xml] map["selector":"//a[text()=\"关注他\" or text()=\"关注她\" or text()=\"移除\"]/@href" "url":"https://weibo.cn/2932185514/fans?page=13"] (1m0.690395118s)
[000361] 1 [    34 - xml] map["selector":"//a[text()=\"关注他\" or text()=\"关注她\" or text()=\"移除\"]/@href" "url":"https://weibo.cn/2932185514/fans?page=13"] (1m0.691154342s)
[000362] 1 [    34 - scraped] map["url":"https://weibo.cn/2932185514/fans?page=13"] (1m0.691959361s)
[000363] 1 [    35 - response] map["status":"OK" "url":"https://weibo.cn/2932185514/fans?page=18"] (1m4.005885445s)
[000364] 1 [    35 - xml] map["selector":"//a[text()=\"关注他\" or text()=\"关注她\" or text()=\"移除\"]/@href" "url":"https://weibo.cn/2932185514/fans?page=18"] (1m4.006687806s)
[000365] 1 [    35 - xml] map["selector":"//a[text()=\"关注他\" or text()=\"关注她\" or text()=\"移除\"]/@href" "url":"https://weibo.cn/2932185514/fans?page=18"] (1m4.009041691s)
[000366] 1 [    35 - xml] map["selector":"//a[text()=\"关注他\" or text()=\"关注她\" or text()=\"移除\"]/@href" "url":"https://weibo.cn/2932185514/fans?page=18"] (1m4.011179826s)
[000367] 1 [    35 - xml] map["selector":"//a[text()=\"关注他\" or text()=\"关注她\" or text()=\"移除\"]/@href" "url":"https://weibo.cn/2932185514/fans?page=18"] (1m4.012323842s)
[000368] 1 [    35 - xml] map["selector":"//a[text()=\"关注他\" or text()=\"关注她\" or text()=\"移除\"]/@href" "url":"https://weibo.cn/2932185514/fans?page=18"] (1m4.01314189s)
[000369] 1 [    35 - xml] map["selector":"//a[text()=\"关注他\" or text()=\"关注她\" or text()=\"移除\"]/@href" "url":"https://weibo.cn/2932185514/fans?page=18"] (1m4.014051296s)
[000370] 1 [    35 - xml] map["selector":"//a[text()=\"关注他\" or text()=\"关注她\" or text()=\"移除\"]/@href" "url":"https://weibo.cn/2932185514/fans?page=18"] (1m4.014920141s)
[000371] 1 [    35 - xml] map["selector":"//a[text()=\"关注他\" or text()=\"关注她\" or text()=\"移除\"]/@href" "url":"https://weibo.cn/2932185514/fans?page=18"] (1m4.015780656s)
[000372] 1 [    35 - xml] map["selector":"//a[text()=\"关注他\" or text()=\"关注她\" or text()=\"移除\"]/@href" "url":"https://weibo.cn/2932185514/fans?page=18"] (1m4.016568736s)
[000373] 1 [    35 - xml] map["selector":"//a[text()=\"关注他\" or text()=\"关注她\" or text()=\"移除\"]/@href" "url":"https://weibo.cn/2932185514/fans?page=18"] (1m4.017485753s)
[000374] 1 [    35 - scraped] map["url":"https://weibo.cn/2932185514/fans?page=18"] (1m4.01842636s)
[000375] 1 [    36 - response] map["status":"OK" "url":"https://weibo.cn/2932185514/fans?page=14"] (1m5.983696198s)
[000376] 1 [    36 - xml] map["selector":"//a[text()=\"关注他\" or text()=\"关注她\" or text()=\"移除\"]/@href" "url":"https://weibo.cn/2932185514/fans?page=14"] (1m5.9846011s)
[000377] 1 [    36 - xml] map["selector":"//a[text()=\"关注他\" or text()=\"关注她\" or text()=\"移除\"]/@href" "url":"https://weibo.cn/2932185514/fans?page=14"] (1m5.986924643s)
[000378] 1 [    36 - xml] map["selector":"//a[text()=\"关注他\" or text()=\"关注她\" or text()=\"移除\"]/@href" "url":"https://weibo.cn/2932185514/fans?page=14"] (1m5.988399221s)
[000379] 1 [    36 - xml] map["selector":"//a[text()=\"关注他\" or text()=\"关注她\" or text()=\"移除\"]/@href" "url":"https://weibo.cn/2932185514/fans?page=14"] (1m5.990039934s)
[000380] 1 [    36 - xml] map["selector":"//a[text()=\"关注他\" or text()=\"关注她\" or text()=\"移除\"]/@href" "url":"https://weibo.cn/2932185514/fans?page=14"] (1m5.991010453s)
[000381] 1 [    36 - xml] map["selector":"//a[text()=\"关注他\" or text()=\"关注她\" or text()=\"移除\"]/@href" "url":"https://weibo.cn/2932185514/fans?page=14"] (1m5.99187994s)
[000382] 1 [    36 - xml] map["selector":"//a[text()=\"关注他\" or text()=\"关注她\" or text()=\"移除\"]/@href" "url":"https://weibo.cn/2932185514/fans?page=14"] (1m5.992682928s)
[000383] 1 [    36 - xml] map["selector":"//a[text()=\"关注他\" or text()=\"关注她\" or text()=\"移除\"]/@href" "url":"https://weibo.cn/2932185514/fans?page=14"] (1m5.993491492s)
[000384] 1 [    36 - xml] map["selector":"//a[text()=\"关注他\" or text()=\"关注她\" or text()=\"移除\"]/@href" "url":"https://weibo.cn/2932185514/fans?page=14"] (1m5.994341249s)
[000385] 1 [    36 - xml] map["selector":"//a[text()=\"关注他\" or text()=\"关注她\" or text()=\"移除\"]/@href" "url":"https://weibo.cn/2932185514/fans?page=14"] (1m5.995104538s)
[000386] 1 [    36 - scraped] map["url":"https://weibo.cn/2932185514/fans?page=14"] (1m5.995897821s)
[000387] 1 [    30 - response] map["status":"OK" "url":"https://weibo.cn/2932185514/fans?page=12"] (1m7.446026249s)
[000388] 1 [    30 - xml] map["selector":"//a[text()=\"关注他\" or text()=\"关注她\" or text()=\"移除\"]/@href" "url":"https://weibo.cn/2932185514/fans?page=12"] (1m7.44688393s)
[000389] 1 [    30 - xml] map["selector":"//a[text()=\"关注他\" or text()=\"关注她\" or text()=\"移除\"]/@href" "url":"https://weibo.cn/2932185514/fans?page=12"] (1m7.448570055s)
[000390] 1 [    30 - xml] map["selector":"//a[text()=\"关注他\" or text()=\"关注她\" or text()=\"移除\"]/@href" "url":"https://weibo.cn/2932185514/fans?page=12"] (1m7.449519536s)
[000391] 1 [    30 - xml] map["selector":"//a[text()=\"关注他\" or text()=\"关注她\" or text()=\"移除\"]/@href" "url":"https://weibo.cn/2932185514/fans?page=12"] (1m7.450409004s)
[000392] 1 [    30 - xml] map["selector":"//a[text()=\"关注他\" or text()=\"关注她\" or text()=\"移除\"]/@href" "url":"https://weibo.cn/2932185514/fans?page=12"] (1m7.451284266s)
[000393] 1 [    30 - xml] map["selector":"//a[text()=\"关注他\" or text()=\"关注她\" or text()=\"移除\"]/@href" "url":"https://weibo.cn/2932185514/fans?page=12"] (1m7.452158329s)
[000394] 1 [    30 - xml] map["selector":"//a[text()=\"关注他\" or text()=\"关注她\" or text()=\"移除\"]/@href" "url":"https://weibo.cn/2932185514/fans?page=12"] (1m7.452968067s)
[000395] 1 [    30 - xml] map["selector":"//a[text()=\"关注他\" or text()=\"关注她\" or text()=\"移除\"]/@href" "url":"https://weibo.cn/2932185514/fans?page=12"] (1m7.453836692s)
[000396] 1 [    30 - xml] map["selector":"//a[text()=\"关注他\" or text()=\"关注她\" or text()=\"移除\"]/@href" "url":"https://weibo.cn/2932185514/fans?page=12"] (1m7.454647521s)
[000397] 1 [    30 - xml] map["selector":"//a[text()=\"关注他\" or text()=\"关注她\" or text()=\"移除\"]/@href" "url":"https://weibo.cn/2932185514/fans?page=12"] (1m7.455404647s)
[000398] 1 [    30 - scraped] map["url":"https://weibo.cn/2932185514/fans?page=12"] (1m7.456276232s)
[000399] 1 [    31 - response] map["status":"OK" "url":"https://weibo.cn/2932185514/fans?page=8"] (1m12.179808715s)
[000400] 1 [    31 - xml] map["selector":"//a[text()=\"关注他\" or text()=\"关注她\" or text()=\"移除\"]/@href" "url":"https://weibo.cn/2932185514/fans?page=8"] (1m12.180406729s)
[000401] 1 [    31 - xml] map["selector":"//a[text()=\"关注他\" or text()=\"关注她\" or text()=\"移除\"]/@href" "url":"https://weibo.cn/2932185514/fans?page=8"] (1m12.182015399s)
[000402] 1 [    31 - xml] map["selector":"//a[text()=\"关注他\" or text()=\"关注她\" or text()=\"移除\"]/@href" "url":"https://weibo.cn/2932185514/fans?page=8"] (1m12.182922481s)
[000403] 1 [    31 - xml] map["selector":"//a[text()=\"关注他\" or text()=\"关注她\" or text()=\"移除\"]/@href" "url":"https://weibo.cn/2932185514/fans?page=8"] (1m12.183768281s)
[000404] 1 [    31 - xml] map["selector":"//a[text()=\"关注他\" or text()=\"关注她\" or text()=\"移除\"]/@href" "url":"https://weibo.cn/2932185514/fans?page=8"] (1m12.184588133s)
[000405] 1 [    31 - xml] map["selector":"//a[text()=\"关注他\" or text()=\"关注她\" or text()=\"移除\"]/@href" "url":"https://weibo.cn/2932185514/fans?page=8"] (1m12.185412154s)
[000406] 1 [    31 - xml] map["selector":"//a[text()=\"关注他\" or text()=\"关注她\" or text()=\"移除\"]/@href" "url":"https://weibo.cn/2932185514/fans?page=8"] (1m12.186256767s)
[000407] 1 [    31 - xml] map["selector":"//a[text()=\"关注他\" or text()=\"关注她\" or text()=\"移除\"]/@href" "url":"https://weibo.cn/2932185514/fans?page=8"] (1m12.187012102s)
[000408] 1 [    31 - xml] map["selector":"//a[text()=\"关注他\" or text()=\"关注她\" or text()=\"移除\"]/@href" "url":"https://weibo.cn/2932185514/fans?page=8"] (1m12.187837985s)
[000409] 1 [    31 - xml] map["selector":"//a[text()=\"关注他\" or text()=\"关注她\" or text()=\"移除\"]/@href" "url":"https://weibo.cn/2932185514/fans?page=8"] (1m12.188974939s)
[000410] 1 [    31 - scraped] map["url":"https://weibo.cn/2932185514/fans?page=8"] (1m12.190773108s)
[000411] 1 [    23 - response] map["status":"OK" "url":"https://weibo.cn/2932185514/fans?page=5"] (1m12.523888118s)
[000412] 1 [    23 - xml] map["selector":"//a[text()=\"关注他\" or text()=\"关注她\" or text()=\"移除\"]/@href" "url":"https://weibo.cn/2932185514/fans?page=5"] (1m12.524851373s)
[000413] 1 [    23 - xml] map["selector":"//a[text()=\"关注他\" or text()=\"关注她\" or text()=\"移除\"]/@href" "url":"https://weibo.cn/2932185514/fans?page=5"] (1m12.526468389s)
[000414] 1 [    23 - xml] map["selector":"//a[text()=\"关注他\" or text()=\"关注她\" or text()=\"移除\"]/@href" "url":"https://weibo.cn/2932185514/fans?page=5"] (1m12.52744166s)
[000415] 1 [    23 - xml] map["selector":"//a[text()=\"关注他\" or text()=\"关注她\" or text()=\"移除\"]/@href" "url":"https://weibo.cn/2932185514/fans?page=5"] (1m12.528370962s)
[000416] 1 [    23 - xml] map["selector":"//a[text()=\"关注他\" or text()=\"关注她\" or text()=\"移除\"]/@href" "url":"https://weibo.cn/2932185514/fans?page=5"] (1m12.529305032s)
[000417] 1 [    23 - xml] map["selector":"//a[text()=\"关注他\" or text()=\"关注她\" or text()=\"移除\"]/@href" "url":"https://weibo.cn/2932185514/fans?page=5"] (1m12.530321399s)
[000418] 1 [    23 - xml] map["selector":"//a[text()=\"关注他\" or text()=\"关注她\" or text()=\"移除\"]/@href" "url":"https://weibo.cn/2932185514/fans?page=5"] (1m12.531298766s)
[000419] 1 [    23 - xml] map["selector":"//a[text()=\"关注他\" or text()=\"关注她\" or text()=\"移除\"]/@href" "url":"https://weibo.cn/2932185514/fans?page=5"] (1m12.532158344s)
[000420] 1 [    23 - xml] map["selector":"//a[text()=\"关注他\" or text()=\"关注她\" or text()=\"移除\"]/@href" "url":"https://weibo.cn/2932185514/fans?page=5"] (1m12.532990976s)
[000421] 1 [    23 - xml] map["selector":"//a[text()=\"关注他\" or text()=\"关注她\" or text()=\"移除\"]/@href" "url":"https://weibo.cn/2932185514/fans?page=5"] (1m12.533905693s)
[000422] 1 [    23 - scraped] map["url":"https://weibo.cn/2932185514/fans?page=5"] (1m12.53482096s)
[000423] 1 [    22 - response] map["status":"OK" "url":"https://weibo.cn/2932185514/fans?page=10"] (1m16.174101854s)
[000424] 1 [    22 - xml] map["selector":"//a[text()=\"关注他\" or text()=\"关注她\" or text()=\"移除\"]/@href" "url":"https://weibo.cn/2932185514/fans?page=10"] (1m16.175013506s)
[000425] 1 [    22 - xml] map["selector":"//a[text()=\"关注他\" or text()=\"关注她\" or text()=\"移除\"]/@href" "url":"https://weibo.cn/2932185514/fans?page=10"] (1m16.176572257s)
[000426] 1 [    22 - xml] map["selector":"//a[text()=\"关注他\" or text()=\"关注她\" or text()=\"移除\"]/@href" "url":"https://weibo.cn/2932185514/fans?page=10"] (1m16.177407342s)
[000427] 1 [    22 - xml] map["selector":"//a[text()=\"关注他\" or text()=\"关注她\" or text()=\"移除\"]/@href" "url":"https://weibo.cn/2932185514/fans?page=10"] (1m16.178260394s)
[000428] 1 [    22 - xml] map["selector":"//a[text()=\"关注他\" or text()=\"关注她\" or text()=\"移除\"]/@href" "url":"https://weibo.cn/2932185514/fans?page=10"] (1m16.179117445s)
[000429] 1 [    22 - xml] map["selector":"//a[text()=\"关注他\" or text()=\"关注她\" or text()=\"移除\"]/@href" "url":"https://weibo.cn/2932185514/fans?page=10"] (1m16.1798487s)
[000430] 1 [    22 - xml] map["selector":"//a[text()=\"关注他\" or text()=\"关注她\" or text()=\"移除\"]/@href" "url":"https://weibo.cn/2932185514/fans?page=10"] (1m16.180716331s)
[000431] 1 [    22 - xml] map["selector":"//a[text()=\"关注他\" or text()=\"关注她\" or text()=\"移除\"]/@href" "url":"https://weibo.cn/2932185514/fans?page=10"] (1m16.18183538s)
[000432] 1 [    22 - xml] map["selector":"//a[text()=\"关注他\" or text()=\"关注她\" or text()=\"移除\"]/@href" "url":"https://weibo.cn/2932185514/fans?page=10"] (1m16.183327995s)
[000433] 1 [    22 - xml] map["selector":"//a[text()=\"关注他\" or text()=\"关注她\" or text()=\"移除\"]/@href" "url":"https://weibo.cn/2932185514/fans?page=10"] (1m16.184169351s)
[000434] 1 [    22 - scraped] map["url":"https://weibo.cn/2932185514/fans?page=10"] (1m16.185014236s)
[000435] 1 [    40 - response] map["status":"OK" "url":"https://weibo.cn/2932185514/fans?page=4"] (1m16.93623087s)
[000436] 1 [    40 - xml] map["selector":"//a[text()=\"关注他\" or text()=\"关注她\" or text()=\"移除\"]/@href" "url":"https://weibo.cn/2932185514/fans?page=4"] (1m16.936870959s)
[000437] 1 [    40 - xml] map["selector":"//a[text()=\"关注他\" or text()=\"关注她\" or text()=\"移除\"]/@href" "url":"https://weibo.cn/2932185514/fans?page=4"] (1m16.938631717s)
[000438] 1 [    40 - xml] map["selector":"//a[text()=\"关注他\" or text()=\"关注她\" or text()=\"移除\"]/@href" "url":"https://weibo.cn/2932185514/fans?page=4"] (1m16.93970251s)
[000439] 1 [    40 - xml] map["selector":"//a[text()=\"关注他\" or text()=\"关注她\" or text()=\"移除\"]/@href" "url":"https://weibo.cn/2932185514/fans?page=4"] (1m16.940643585s)
[000440] 1 [    40 - xml] map["selector":"//a[text()=\"关注他\" or text()=\"关注她\" or text()=\"移除\"]/@href" "url":"https://weibo.cn/2932185514/fans?page=4"] (1m16.941593568s)
[000441] 1 [    40 - xml] map["selector":"//a[text()=\"关注他\" or text()=\"关注她\" or text()=\"移除\"]/@href" "url":"https://weibo.cn/2932185514/fans?page=4"] (1m16.94254694s)
[000442] 1 [    40 - xml] map["selector":"//a[text()=\"关注他\" or text()=\"关注她\" or text()=\"移除\"]/@href" "url":"https://weibo.cn/2932185514/fans?page=4"] (1m16.943425924s)
[000443] 1 [    40 - xml] map["selector":"//a[text()=\"关注他\" or text()=\"关注她\" or text()=\"移除\"]/@href" "url":"https://weibo.cn/2932185514/fans?page=4"] (1m16.944561541s)
[000444] 1 [    40 - xml] map["selector":"//a[text()=\"关注他\" or text()=\"关注她\" or text()=\"移除\"]/@href" "url":"https://weibo.cn/2932185514/fans?page=4"] (1m16.945659968s)
[000445] 1 [    40 - xml] map["selector":"//a[text()=\"关注他\" or text()=\"关注她\" or text()=\"移除\"]/@href" "url":"https://weibo.cn/2932185514/fans?page=4"] (1m16.947052355s)
[000446] 1 [    40 - scraped] map["url":"https://weibo.cn/2932185514/fans?page=4"] (1m16.948130204s)
[000447] 1 [    27 - response] map["status":"OK" "url":"https://weibo.cn/2932185514/fans?page=11"] (1m20.694980409s)
[000448] 1 [    27 - xml] map["selector":"//a[text()=\"关注他\" or text()=\"关注她\" or text()=\"移除\"]/@href" "url":"https://weibo.cn/2932185514/fans?page=11"] (1m20.696204373s)
[000449] 1 [    27 - xml] map["selector":"//a[text()=\"关注他\" or text()=\"关注她\" or text()=\"移除\"]/@href" "url":"https://weibo.cn/2932185514/fans?page=11"] (1m20.69837718s)
[000450] 1 [    27 - xml] map["selector":"//a[text()=\"关注他\" or text()=\"关注她\" or text()=\"移除\"]/@href" "url":"https://weibo.cn/2932185514/fans?page=11"] (1m20.699547825s)
[000451] 1 [    27 - xml] map["selector":"//a[text()=\"关注他\" or text()=\"关注她\" or text()=\"移除\"]/@href" "url":"https://weibo.cn/2932185514/fans?page=11"] (1m20.700512842s)
[000452] 1 [    27 - xml] map["selector":"//a[text()=\"关注他\" or text()=\"关注她\" or text()=\"移除\"]/@href" "url":"https://weibo.cn/2932185514/fans?page=11"] (1m20.701559768s)
[000453] 1 [    27 - xml] map["selector":"//a[text()=\"关注他\" or text()=\"关注她\" or text()=\"移除\"]/@href" "url":"https://weibo.cn/2932185514/fans?page=11"] (1m20.70244782s)
[000454] 1 [    27 - xml] map["selector":"//a[text()=\"关注他\" or text()=\"关注她\" or text()=\"移除\"]/@href" "url":"https://weibo.cn/2932185514/fans?page=11"] (1m20.703290936s)
[000455] 1 [    27 - xml] map["selector":"//a[text()=\"关注他\" or text()=\"关注她\" or text()=\"移除\"]/@href" "url":"https://weibo.cn/2932185514/fans?page=11"] (1m20.704793096s)
[000456] 1 [    27 - xml] map["selector":"//a[text()=\"关注他\" or text()=\"关注她\" or text()=\"移除\"]/@href" "url":"https://weibo.cn/2932185514/fans?page=11"] (1m20.706092791s)
[000457] 1 [    27 - xml] map["selector":"//a[text()=\"关注他\" or text()=\"关注她\" or text()=\"移除\"]/@href" "url":"https://weibo.cn/2932185514/fans?page=11"] (1m20.707029053s)
[000458] 1 [    27 - scraped] map["url":"https://weibo.cn/2932185514/fans?page=11"] (1m20.70799448s)
[000459] 1 [    28 - response] map["status":"OK" "url":"https://weibo.cn/2932185514/fans?page=7"] (1m21.214946593s)
[000460] 1 [    28 - xml] map["selector":"//a[text()=\"关注他\" or text()=\"关注她\" or text()=\"移除\"]/@href" "url":"https://weibo.cn/2932185514/fans?page=7"] (1m21.215463765s)
[000461] 1 [    28 - xml] map["selector":"//a[text()=\"关注他\" or text()=\"关注她\" or text()=\"移除\"]/@href" "url":"https://weibo.cn/2932185514/fans?page=7"] (1m21.21702396s)
[000462] 1 [    28 - xml] map["selector":"//a[text()=\"关注他\" or text()=\"关注她\" or text()=\"移除\"]/@href" "url":"https://weibo.cn/2932185514/fans?page=7"] (1m21.218021645s)
[000463] 1 [    28 - xml] map["selector":"//a[text()=\"关注他\" or text()=\"关注她\" or text()=\"移除\"]/@href" "url":"https://weibo.cn/2932185514/fans?page=7"] (1m21.218914835s)
[000464] 1 [    28 - xml] map["selector":"//a[text()=\"关注他\" or text()=\"关注她\" or text()=\"移除\"]/@href" "url":"https://weibo.cn/2932185514/fans?page=7"] (1m21.219759217s)
[000465] 1 [    28 - xml] map["selector":"//a[text()=\"关注他\" or text()=\"关注她\" or text()=\"移除\"]/@href" "url":"https://weibo.cn/2932185514/fans?page=7"] (1m21.220598506s)
[000466] 1 [    28 - xml] map["selector":"//a[text()=\"关注他\" or text()=\"关注她\" or text()=\"移除\"]/@href" "url":"https://weibo.cn/2932185514/fans?page=7"] (1m21.221416107s)
[000467] 1 [    28 - xml] map["selector":"//a[text()=\"关注他\" or text()=\"关注她\" or text()=\"移除\"]/@href" "url":"https://weibo.cn/2932185514/fans?page=7"] (1m21.222276853s)
[000468] 1 [    28 - xml] map["selector":"//a[text()=\"关注他\" or text()=\"关注她\" or text()=\"移除\"]/@href" "url":"https://weibo.cn/2932185514/fans?page=7"] (1m21.223170304s)
[000469] 1 [    28 - xml] map["selector":"//a[text()=\"关注他\" or text()=\"关注她\" or text()=\"移除\"]/@href" "url":"https://weibo.cn/2932185514/fans?page=7"] (1m21.224071887s)
[000470] 1 [    28 - scraped] map["url":"https://weibo.cn/2932185514/fans?page=7"] (1m21.225035643s)
[000471] 1 [    33 - response] map["status":"OK" "url":"https://weibo.cn/2932185514/fans?page=9"] (1m24.603068184s)
[000472] 1 [    33 - xml] map["selector":"//a[text()=\"关注他\" or text()=\"关注她\" or text()=\"移除\"]/@href" "url":"https://weibo.cn/2932185514/fans?page=9"] (1m24.60394142s)
[000473] 1 [    33 - xml] map["selector":"//a[text()=\"关注他\" or text()=\"关注她\" or text()=\"移除\"]/@href" "url":"https://weibo.cn/2932185514/fans?page=9"] (1m24.605735494s)
[000474] 1 [    33 - xml] map["selector":"//a[text()=\"关注他\" or text()=\"关注她\" or text()=\"移除\"]/@href" "url":"https://weibo.cn/2932185514/fans?page=9"] (1m24.606745855s)
[000475] 1 [    33 - xml] map["selector":"//a[text()=\"关注他\" or text()=\"关注她\" or text()=\"移除\"]/@href" "url":"https://weibo.cn/2932185514/fans?page=9"] (1m24.60771381s)
[000476] 1 [    33 - xml] map["selector":"//a[text()=\"关注他\" or text()=\"关注她\" or text()=\"移除\"]/@href" "url":"https://weibo.cn/2932185514/fans?page=9"] (1m24.608660628s)
[000477] 1 [    33 - xml] map["selector":"//a[text()=\"关注他\" or text()=\"关注她\" or text()=\"移除\"]/@href" "url":"https://weibo.cn/2932185514/fans?page=9"] (1m24.609605941s)
[000478] 1 [    33 - xml] map["selector":"//a[text()=\"关注他\" or text()=\"关注她\" or text()=\"移除\"]/@href" "url":"https://weibo.cn/2932185514/fans?page=9"] (1m24.61037621s)
[000479] 1 [    33 - xml] map["selector":"//a[text()=\"关注他\" or text()=\"关注她\" or text()=\"移除\"]/@href" "url":"https://weibo.cn/2932185514/fans?page=9"] (1m24.611198195s)
[000480] 1 [    33 - xml] map["selector":"//a[text()=\"关注他\" or text()=\"关注她\" or text()=\"移除\"]/@href" "url":"https://weibo.cn/2932185514/fans?page=9"] (1m24.611930818s)
[000481] 1 [    33 - xml] map["selector":"//a[text()=\"关注他\" or text()=\"关注她\" or text()=\"移除\"]/@href" "url":"https://weibo.cn/2932185514/fans?page=9"] (1m24.612810446s)
[000482] 1 [    33 - scraped] map["url":"https://weibo.cn/2932185514/fans?page=9"] (1m24.613625246s)
[000483] 1 [    37 - response] map["status":"OK" "url":"https://weibo.cn/2932185514/fans?page=15"] (1m26.218174294s)
[000484] 1 [    37 - xml] map["selector":"//a[text()=\"关注他\" or text()=\"关注她\" or text()=\"移除\"]/@href" "url":"https://weibo.cn/2932185514/fans?page=15"] (1m26.218971826s)
[000485] 1 [    37 - xml] map["selector":"//a[text()=\"关注他\" or text()=\"关注她\" or text()=\"移除\"]/@href" "url":"https://weibo.cn/2932185514/fans?page=15"] (1m26.220440204s)
[000486] 1 [    37 - xml] map["selector":"//a[text()=\"关注他\" or text()=\"关注她\" or text()=\"移除\"]/@href" "url":"https://weibo.cn/2932185514/fans?page=15"] (1m26.221713791s)
[000487] 1 [    37 - xml] map["selector":"//a[text()=\"关注他\" or text()=\"关注她\" or text()=\"移除\"]/@href" "url":"https://weibo.cn/2932185514/fans?page=15"] (1m26.222796171s)
[000488] 1 [    37 - xml] map["selector":"//a[text()=\"关注他\" or text()=\"关注她\" or text()=\"移除\"]/@href" "url":"https://weibo.cn/2932185514/fans?page=15"] (1m26.223973281s)
[000489] 1 [    37 - xml] map["selector":"//a[text()=\"关注他\" or text()=\"关注她\" or text()=\"移除\"]/@href" "url":"https://weibo.cn/2932185514/fans?page=15"] (1m26.224964475s)
[000490] 1 [    37 - xml] map["selector":"//a[text()=\"关注他\" or text()=\"关注她\" or text()=\"移除\"]/@href" "url":"https://weibo.cn/2932185514/fans?page=15"] (1m26.225954487s)
[000491] 1 [    37 - xml] map["selector":"//a[text()=\"关注他\" or text()=\"关注她\" or text()=\"移除\"]/@href" "url":"https://weibo.cn/2932185514/fans?page=15"] (1m26.226919558s)
[000492] 1 [    37 - xml] map["selector":"//a[text()=\"关注他\" or text()=\"关注她\" or text()=\"移除\"]/@href" "url":"https://weibo.cn/2932185514/fans?page=15"] (1m26.22783123s)
[000493] 1 [    37 - xml] map["selector":"//a[text()=\"关注他\" or text()=\"关注她\" or text()=\"移除\"]/@href" "url":"https://weibo.cn/2932185514/fans?page=15"] (1m26.228843815s)
[000494] 1 [    37 - scraped] map["url":"https://weibo.cn/2932185514/fans?page=15"] (1m26.229868627s)
[000495] 1 [    38 - response] map["status":"OK" "url":"https://weibo.cn/2932185514/fans?page=17"] (1m28.580601287s)
[000496] 1 [    38 - xml] map["selector":"//a[text()=\"关注他\" or text()=\"关注她\" or text()=\"移除\"]/@href" "url":"https://weibo.cn/2932185514/fans?page=17"] (1m28.582148547s)
[000497] 1 [    38 - xml] map["selector":"//a[text()=\"关注他\" or text()=\"关注她\" or text()=\"移除\"]/@href" "url":"https://weibo.cn/2932185514/fans?page=17"] (1m28.584104051s)
[000498] 1 [    38 - xml] map["selector":"//a[text()=\"关注他\" or text()=\"关注她\" or text()=\"移除\"]/@href" "url":"https://weibo.cn/2932185514/fans?page=17"] (1m28.585662866s)
[000499] 1 [    38 - xml] map["selector":"//a[text()=\"关注他\" or text()=\"关注她\" or text()=\"移除\"]/@href" "url":"https://weibo.cn/2932185514/fans?page=17"] (1m28.587046219s)
[000500] 1 [    38 - xml] map["selector":"//a[text()=\"关注他\" or text()=\"关注她\" or text()=\"移除\"]/@href" "url":"https://weibo.cn/2932185514/fans?page=17"] (1m28.58857629s)
[000501] 1 [    38 - xml] map["selector":"//a[text()=\"关注他\" or text()=\"关注她\" or text()=\"移除\"]/@href" "url":"https://weibo.cn/2932185514/fans?page=17"] (1m28.589941754s)
[000502] 1 [    38 - xml] map["selector":"//a[text()=\"关注他\" or text()=\"关注她\" or text()=\"移除\"]/@href" "url":"https://weibo.cn/2932185514/fans?page=17"] (1m28.591324334s)
[000503] 1 [    38 - xml] map["selector":"//a[text()=\"关注他\" or text()=\"关注她\" or text()=\"移除\"]/@href" "url":"https://weibo.cn/2932185514/fans?page=17"] (1m28.592595086s)
[000504] 1 [    38 - xml] map["selector":"//a[text()=\"关注他\" or text()=\"关注她\" or text()=\"移除\"]/@href" "url":"https://weibo.cn/2932185514/fans?page=17"] (1m28.593668712s)
[000505] 1 [    38 - xml] map["selector":"//a[text()=\"关注他\" or text()=\"关注她\" or text()=\"移除\"]/@href" "url":"https://weibo.cn/2932185514/fans?page=17"] (1m28.594609671s)
[000506] 1 [    38 - scraped] map["url":"https://weibo.cn/2932185514/fans?page=17"] (1m28.595698793s)
[000507] 1 [    39 - response] map["status":"OK" "url":"https://weibo.cn/2932185514/fans?page=16"] (1m30.710418047s)
[000508] 1 [    39 - xml] map["selector":"//a[text()=\"关注他\" or text()=\"关注她\" or text()=\"移除\"]/@href" "url":"https://weibo.cn/2932185514/fans?page=16"] (1m30.711009884s)
[000509] 1 [    39 - xml] map["selector":"//a[text()=\"关注他\" or text()=\"关注她\" or text()=\"移除\"]/@href" "url":"https://weibo.cn/2932185514/fans?page=16"] (1m30.712807121s)
[000510] 1 [    39 - xml] map["selector":"//a[text()=\"关注他\" or text()=\"关注她\" or text()=\"移除\"]/@href" "url":"https://weibo.cn/2932185514/fans?page=16"] (1m30.714096347s)
[000511] 1 [    39 - xml] map["selector":"//a[text()=\"关注他\" or text()=\"关注她\" or text()=\"移除\"]/@href" "url":"https://weibo.cn/2932185514/fans?page=16"] (1m30.715342456s)
[000512] 1 [    39 - xml] map["selector":"//a[text()=\"关注他\" or text()=\"关注她\" or text()=\"移除\"]/@href" "url":"https://weibo.cn/2932185514/fans?page=16"] (1m30.716603981s)
[000513] 1 [    39 - xml] map["selector":"//a[text()=\"关注他\" or text()=\"关注她\" or text()=\"移除\"]/@href" "url":"https://weibo.cn/2932185514/fans?page=16"] (1m30.717982041s)
[000514] 1 [    39 - xml] map["selector":"//a[text()=\"关注他\" or text()=\"关注她\" or text()=\"移除\"]/@href" "url":"https://weibo.cn/2932185514/fans?page=16"] (1m30.719189056s)
[000515] 1 [    39 - xml] map["selector":"//a[text()=\"关注他\" or text()=\"关注她\" or text()=\"移除\"]/@href" "url":"https://weibo.cn/2932185514/fans?page=16"] (1m30.720580635s)
[000516] 1 [    39 - xml] map["selector":"//a[text()=\"关注他\" or text()=\"关注她\" or text()=\"移除\"]/@href" "url":"https://weibo.cn/2932185514/fans?page=16"] (1m30.721993426s)
[000517] 1 [    39 - xml] map["selector":"//a[text()=\"关注他\" or text()=\"关注她\" or text()=\"移除\"]/@href" "url":"https://weibo.cn/2932185514/fans?page=16"] (1m30.723060394s)
[000518] 1 [    39 - scraped] map["url":"https://weibo.cn/2932185514/fans?page=16"] (1m30.723965965s)
